SF:lib\src\application\scan_event.dart
DA:7,2
DA:13,2
DA:16,2
DA:22,2
DA:25,2
DA:31,0
DA:34,0
DA:40,0
LF:8
LH:5
end_of_record
SF:lib\src\application\scan_session_controller.dart
DA:12,2
DA:28,6
DA:29,0
DA:30,0
DA:32,1
DA:33,1
DA:36,2
DA:37,2
DA:38,6
DA:39,2
DA:40,8
DA:43,0
DA:44,0
DA:47,0
DA:48,0
DA:51,0
DA:52,0
DA:56,0
DA:59,1
DA:60,1
DA:63,1
DA:64,1
DA:68,1
DA:76,2
DA:77,2
DA:80,2
DA:81,1
DA:82,1
DA:85,1
DA:93,2
DA:95,0
DA:96,0
DA:102,0
DA:108,1
DA:109,1
DA:110,1
DA:112,1
DA:116,2
DA:122,2
DA:126,2
DA:127,2
DA:130,4
DA:133,4
DA:134,4
DA:138,4
DA:139,4
DA:143,2
DA:144,2
DA:145,2
DA:158,2
DA:159,2
DA:168,1
DA:171,1
DA:172,0
DA:174,1
DA:177,2
DA:178,4
DA:181,4
DA:184,2
DA:185,2
DA:186,2
DA:187,4
LF:62
LH:49
end_of_record
SF:lib\src\domain\scan_models.dart
DA:42,1
DA:59,2
DA:76,2
LF:3
LH:3
end_of_record
SF:lib\src\infrastructure\flutter_zxing\zxing_engine_adapter.dart
DA:9,2
DA:25,2
DA:31,1
DA:33,1
DA:36,2
DA:37,2
DA:41,1
DA:42,2
DA:43,1
DA:46,1
DA:48,1
DA:49,1
DA:50,1
LF:13
LH:13
end_of_record
SF:lib\src\presentation\hdd_manual_input_sheet.dart
DA:4,0
DA:19,0
DA:20,0
DA:28,0
DA:29,0
DA:30,0
DA:34,0
DA:35,0
DA:38,0
DA:39,0
DA:43,0
DA:44,0
DA:45,0
DA:49,0
DA:51,0
DA:52,0
DA:53,0
DA:55,0
DA:56,0
DA:59,0
DA:61,0
DA:62,0
DA:63,0
DA:67,0
DA:70,0
DA:71,0
DA:72,0
DA:74,0
DA:75,0
DA:76,0
DA:78,0
DA:79,0
DA:80,0
DA:85,0
DA:91,0
DA:92,0
DA:105,0
DA:106,0
DA:109,0
DA:110,0
DA:118,0
DA:119,0
DA:122,0
DA:128,0
DA:129,0
DA:130,0
DA:131,0
DA:132,0
DA:133,0
DA:137,0
DA:138,0
DA:139,0
DA:140,0
DA:144,0
DA:145,0
DA:146,0
DA:148,0
DA:149,0
LF:58
LH:0
end_of_record
SF:lib\src\presentation\hdd_scanner_toolbar.dart
DA:4,1
DA:28,1
DA:30,1
DA:31,1
DA:33,1
DA:34,1
DA:35,1
DA:36,1
DA:39,1
DA:42,1
DA:43,1
DA:45,1
DA:48,1
DA:49,1
DA:51,1
DA:59,1
DA:69,1
DA:71,1
DA:72,1
DA:73,1
DA:74,1
DA:75,1
DA:82,2
LF:23
LH:23
end_of_record
SF:lib\src\presentation\hdd_scanner_view.dart
DA:17,1
DA:34,1
DA:35,1
DA:42,1
DA:44,1
DA:45,4
DA:48,0
DA:49,0
DA:50,0
DA:54,0
DA:57,0
DA:58,0
DA:64,1
DA:65,3
DA:68,1
DA:70,4
DA:72,1
DA:74,1
DA:75,4
DA:76,0
DA:77,0
DA:78,0
DA:79,0
DA:88,0
DA:90,0
DA:93,0
DA:95,1
DA:96,1
DA:97,2
DA:99,2
DA:100,2
LF:31
LH:18
end_of_record
SF:lib\src\presentation\scan_frame_overlay.dart
DA:18,1
DA:19,1
DA:25,1
DA:31,1
DA:32,1
DA:33,1
DA:36,1
DA:37,1
DA:38,1
DA:40,3
DA:42,3
DA:43,2
DA:44,3
DA:45,4
DA:46,4
DA:47,1
DA:51,1
DA:62,1
DA:64,1
DA:65,1
DA:66,3
DA:67,1
DA:69,1
DA:70,1
DA:73,1
DA:75,1
DA:76,1
DA:77,1
DA:78,1
DA:79,1
DA:82,1
DA:84,1
DA:85,1
DA:86,1
DA:87,1
DA:88,1
DA:100,1
DA:104,1
DA:106,1
DA:107,2
DA:108,1
DA:110,3
DA:112,1
DA:113,1
DA:114,2
DA:116,1
DA:119,1
DA:121,3
LF:48
LH:48
end_of_record
SF:lib\src\infrastructure\flutter_zxing\dedup_filter.dart
DA:2,2
DA:6,2
DA:7,2
DA:8,4
DA:9,3
DA:12,4
LF:6
LH:6
end_of_record
SF:lib\src\infrastructure\flutter_zxing\symbology_mapper.dart
DA:6,2
DA:8,1
DA:10,1
DA:12,1
DA:14,1
DA:16,1
DA:18,1
DA:20,1
DA:22,0
DA:24,0
DA:26,0
DA:28,0
DA:30,0
DA:32,0
DA:34,0
DA:41,0
DA:42,0
DA:48,0
DA:50,0
DA:51,0
DA:53,0
DA:56,0
DA:58,0
DA:60,0
DA:62,0
DA:64,0
DA:66,0
DA:68,0
DA:70,0
DA:72,0
DA:74,0
DA:76,0
DA:78,0
DA:80,0
DA:82,0
DA:84,0
DA:89,0
DA:91,0
DA:93,0
DA:94,0
DA:95,0
DA:96,0
DA:97,0
DA:98,0
DA:99,0
DA:100,0
DA:101,0
DA:103,0
DA:105,0
DA:106,0
DA:107,0
DA:108,0
DA:110,0
LF:53
LH:8
end_of_record
