# JRE version: OpenJDK Runtime Environment Temurin-17.0.18+8 (17.0.18+8) (build 17.0.18+8)
# Java VM: OpenJDK 64-Bit Server VM Temurin-17.0.18+8 (17.0.18+8, mixed mode, sharing, tiered, compressed oops, compressed class ptrs, g1 gc, windows-amd64)
GC Precious Log:
 CPUs: 24 total, 24 available
 Memory: 64632M
 Large Page Support: Disabled
 NUMA Support: Disabled
 Compressed Oops: Enabled (Zero based)
 Heap Region Size: 4M
 Heap Min Capacity: 8M
 Heap Initial Capacity: 1012M
 Heap Max Capacity: 8G
 Pre-touch: Disabled
 Parallel Workers: 18
 Concurrent Workers: 5
 Concurrent Refinement Workers: 18
 Periodic GC: Disabled
Heap:
 garbage-first heap   total 233472K, used 143084K [0x0000000600000000, 0x0000000800000000)
  region size 4096K, 23 young (94208K), 4 survivors (16384K)
 Metaspace       used 71369K, committed 72192K, reserved 1114112K
  class space    used 10164K, committed 10560K, reserved 1048576K
GC Heap History (20 events):
Event: 5.884 GC heap before
{Heap before GC invocations=8 (full 0):
 garbage-first heap   total 110592K, used 57003K [0x0000000600000000, 0x0000000800000000)
  region size 4096K, 10 young (40960K), 2 survivors (8192K)
 Metaspace       used 35678K, committed 36096K, reserved 1114112K
  class space    used 4896K, committed 5120K, reserved 1048576K
}
Event: 5.887 GC heap after
{Heap after GC invocations=9 (full 0):
 garbage-first heap   total 110592K, used 34066K [0x0000000600000000, 0x0000000800000000)
  region size 4096K, 2 young (8192K), 2 survivors (8192K)
 Metaspace       used 35678K, committed 36096K, reserved 1114112K
  class space    used 4896K, committed 5120K, reserved 1048576K
}
Event: 6.588 GC heap before
{Heap before GC invocations=10 (full 0):
 garbage-first heap   total 110592K, used 75026K [0x0000000600000000, 0x0000000800000000)
  region size 4096K, 13 young (53248K), 2 survivors (8192K)
 Metaspace       used 38887K, committed 39424K, reserved 1114112K
  class space    used 5230K, committed 5504K, reserved 1048576K
}
Event: 6.591 GC heap after
{Heap after GC invocations=11 (full 0):
 garbage-first heap   total 110592K, used 37399K [0x0000000600000000, 0x0000000800000000)
  region size 4096K, 2 young (8192K), 2 survivors (8192K)
 Metaspace       used 38887K, committed 39424K, reserved 1114112K
  class space    used 5230K, committed 5504K, reserved 1048576K
}
Event: 7.246 GC heap before
{Heap before GC invocations=11 (full 0):
 garbage-first heap   total 110592K, used 78359K [0x0000000600000000, 0x0000000800000000)
  region size 4096K, 12 young (49152K), 2 survivors (8192K)
 Metaspace       used 42087K, committed 42688K, reserved 1114112K
  class space    used 5729K, committed 6016K, reserved 1048576K
}
Event: 7.249 GC heap after
{Heap after GC invocations=12 (full 0):
 garbage-first heap   total 110592K, used 39341K [0x0000000600000000, 0x0000000800000000)
  region size 4096K, 2 young (8192K), 2 survivors (8192K)
 Metaspace       used 42087K, committed 42688K, reserved 1114112K
  class space    used 5729K, committed 6016K, reserved 1048576K
}
Event: 7.655 GC heap before
{Heap before GC invocations=12 (full 0):
 garbage-first heap   total 110592K, used 80301K [0x0000000600000000, 0x0000000800000000)
  region size 4096K, 12 young (49152K), 2 survivors (8192K)
 Metaspace       used 44015K, committed 44608K, reserved 1114112K
  class space    used 6042K, committed 6336K, reserved 1048576K
}
Event: 7.657 GC heap after
{Heap after GC invocations=13 (full 0):
 garbage-first heap   total 110592K, used 40807K [0x0000000600000000, 0x0000000800000000)
  region size 4096K, 1 young (4096K), 1 survivors (4096K)
 Metaspace       used 44015K, committed 44608K, reserved 1114112K
  class space    used 6042K, committed 6336K, reserved 1048576K
}
Event: 8.363 GC heap before
{Heap before GC invocations=13 (full 0):
 garbage-first heap   total 110592K, used 81767K [0x0000000600000000, 0x0000000800000000)
  region size 4096K, 11 young (45056K), 1 survivors (4096K)
 Metaspace       used 47000K, committed 47680K, reserved 1114112K
  class space    used 6519K, committed 6848K, reserved 1048576K
}
Event: 8.365 GC heap after
{Heap after GC invocations=14 (full 0):
 garbage-first heap   total 110592K, used 42922K [0x0000000600000000, 0x0000000800000000)
  region size 4096K, 2 young (8192K), 2 survivors (8192K)
 Metaspace       used 47000K, committed 47680K, reserved 1114112K
  class space    used 6519K, committed 6848K, reserved 1048576K
}
Event: 9.028 GC heap before
{Heap before GC invocations=14 (full 0):
 garbage-first heap   total 110592K, used 79786K [0x0000000600000000, 0x0000000800000000)
  region size 4096K, 11 young (45056K), 2 survivors (8192K)
 Metaspace       used 50176K, committed 50816K, reserved 1114112K
  class space    used 7001K, committed 7296K, reserved 1048576K
}
Event: 9.032 GC heap after
{Heap after GC invocations=15 (full 0):
 garbage-first heap   total 110592K, used 45387K [0x0000000600000000, 0x0000000800000000)
  region size 4096K, 2 young (8192K), 2 survivors (8192K)
 Metaspace       used 50176K, committed 50816K, reserved 1114112K
  class space    used 7001K, committed 7296K, reserved 1048576K
}
Event: 9.408 GC heap before
{Heap before GC invocations=15 (full 0):
 garbage-first heap   total 110592K, used 82251K [0x0000000600000000, 0x0000000800000000)
  region size 4096K, 11 young (45056K), 2 survivors (8192K)
 Metaspace       used 51294K, committed 51904K, reserved 1114112K
  class space    used 7198K, committed 7488K, reserved 1048576K
}
Event: 9.413 GC heap after
{Heap after GC invocations=16 (full 0):
 garbage-first heap   total 110592K, used 49381K [0x0000000600000000, 0x0000000800000000)
  region size 4096K, 2 young (8192K), 2 survivors (8192K)
 Metaspace       used 51294K, committed 51904K, reserved 1114112K
  class space    used 7198K, committed 7488K, reserved 1048576K
}
Event: 10.036 GC heap before
{Heap before GC invocations=16 (full 0):
 garbage-first heap   total 110592K, used 82149K [0x0000000600000000, 0x0000000800000000)
  region size 4096K, 10 young (40960K), 2 survivors (8192K)
 Metaspace       used 53641K, committed 54272K, reserved 1114112K
  class space    used 7590K, committed 7872K, reserved 1048576K
}
Event: 10.041 GC heap after
{Heap after GC invocations=17 (full 0):
 garbage-first heap   total 573440K, used 50822K [0x0000000600000000, 0x0000000800000000)
  region size 4096K, 2 young (8192K), 2 survivors (8192K)
 Metaspace       used 53641K, committed 54272K, reserved 1114112K
  class space    used 7590K, committed 7872K, reserved 1048576K
}
Event: 11.272 GC heap before
{Heap before GC invocations=17 (full 0):
 garbage-first heap   total 573440K, used 116358K [0x0000000600000000, 0x0000000800000000)
  region size 4096K, 19 young (77824K), 2 survivors (8192K)
 Metaspace       used 59681K, committed 60416K, reserved 1114112K
  class space    used 8409K, committed 8768K, reserved 1048576K
}
Event: 11.278 GC heap after
{Heap after GC invocations=18 (full 0):
 garbage-first heap   total 573440K, used 59999K [0x0000000600000000, 0x0000000800000000)
  region size 4096K, 3 young (12288K), 3 survivors (12288K)
 Metaspace       used 59681K, committed 60416K, reserved 1114112K
  class space    used 8409K, committed 8768K, reserved 1048576K
}
Event: 13.025 GC heap before
{Heap before GC invocations=19 (full 0):
 garbage-first heap   total 233472K, used 191071K [0x0000000600000000, 0x0000000800000000)
  region size 4096K, 34 young (139264K), 3 survivors (12288K)
 Metaspace       used 67325K, committed 68096K, reserved 1114112K
  class space    used 9491K, committed 9856K, reserved 1048576K
}
Event: 13.031 GC heap after
{Heap after GC invocations=20 (full 0):
 garbage-first heap   total 233472K, used 69356K [0x0000000600000000, 0x0000000800000000)
  region size 4096K, 4 young (16384K), 4 survivors (16384K)
 Metaspace       used 67325K, committed 68096K, reserved 1114112K
  class space    used 9491K, committed 9856K, reserved 1048576K
}

