# JRE version: OpenJDK Runtime Environment Temurin-17.0.18+8 (17.0.18+8) (build 17.0.18+8)
# Java VM: OpenJDK 64-Bit Server VM Temurin-17.0.18+8 (17.0.18+8, mixed mode, sharing, tiered, compressed oops, compressed class ptrs, g1 gc, windows-amd64)
GC Precious Log:
 CPUs: 24 total, 24 available
 Memory: 64632M
 Large Page Support: Disabled
 NUMA Support: Disabled
 Compressed Oops: Enabled (Zero based)
 Heap Region Size: 4M
 Heap Min Capacity: 8M
 Heap Initial Capacity: 1012M
 Heap Max Capacity: 8G
 Pre-touch: Disabled
 Parallel Workers: 18
 Concurrent Workers: 5
 Concurrent Refinement Workers: 18
 Periodic GC: Disabled
Heap:
 garbage-first heap   total 970752K, used 638265K [0x0000000600000000, 0x0000000800000000)
  region size 4096K, 43 young (176128K), 2 survivors (8192K)
 Metaspace       used 216071K, committed 218816K, reserved 1245184K
  class space    used 27229K, committed 28544K, reserved 1048576K
GC Heap History (20 events):
Event: 2568.248 GC heap before
{Heap before GC invocations=72 (full 0):
 garbage-first heap   total 1069056K, used 929465K [0x0000000600000000, 0x0000000800000000)
  region size 4096K, 23 young (94208K), 3 survivors (12288K)
 Metaspace       used 213480K, committed 215808K, reserved 1245184K
  class space    used 26923K, committed 28032K, reserved 1048576K
}
Event: 2568.258 GC heap after
{Heap after GC invocations=73 (full 0):
 garbage-first heap   total 1069056K, used 855278K [0x0000000600000000, 0x0000000800000000)
  region size 4096K, 3 young (12288K), 3 survivors (12288K)
 Metaspace       used 213480K, committed 215808K, reserved 1245184K
  class space    used 26923K, committed 28032K, reserved 1048576K
}
Event: 2568.833 GC heap before
{Heap before GC invocations=73 (full 0):
 garbage-first heap   total 1069056K, used 929006K [0x0000000600000000, 0x0000000800000000)
  region size 4096K, 21 young (86016K), 3 survivors (12288K)
 Metaspace       used 213492K, committed 215808K, reserved 1245184K
  class space    used 26923K, committed 28032K, reserved 1048576K
}
Event: 2568.837 GC heap after
{Heap after GC invocations=74 (full 0):
 garbage-first heap   total 1069056K, used 856695K [0x0000000600000000, 0x0000000800000000)
  region size 4096K, 1 young (4096K), 1 survivors (4096K)
 Metaspace       used 213492K, committed 215808K, reserved 1245184K
  class space    used 26923K, committed 28032K, reserved 1048576K
}
Event: 3659.681 GC heap before
{Heap before GC invocations=74 (full 0):
 garbage-first heap   total 1069056K, used 885367K [0x0000000600000000, 0x0000000800000000)
  region size 4096K, 9 young (36864K), 1 survivors (4096K)
 Metaspace       used 213510K, committed 215808K, reserved 1245184K
  class space    used 26924K, committed 28032K, reserved 1048576K
}
Event: 3659.932 GC heap after
{Heap after GC invocations=75 (full 1):
 garbage-first heap   total 970752K, used 249116K [0x0000000600000000, 0x0000000800000000)
  region size 4096K, 0 young (0K), 0 survivors (0K)
 Metaspace       used 213471K, committed 215808K, reserved 1245184K
  class space    used 26915K, committed 28032K, reserved 1048576K
}
Event: 4173.122 GC heap before
{Heap before GC invocations=75 (full 1):
 garbage-first heap   total 970752K, used 679196K [0x0000000600000000, 0x0000000800000000)
  region size 4096K, 106 young (434176K), 0 survivors (0K)
 Metaspace       used 214222K, committed 216640K, reserved 1245184K
  class space    used 27053K, committed 28224K, reserved 1048576K
}
Event: 4173.135 GC heap after
{Heap after GC invocations=76 (full 1):
 garbage-first heap   total 970752K, used 286394K [0x0000000600000000, 0x0000000800000000)
  region size 4096K, 10 young (40960K), 10 survivors (40960K)
 Metaspace       used 214222K, committed 216640K, reserved 1245184K
  class space    used 27053K, committed 28224K, reserved 1048576K
}
Event: 4174.445 GC heap before
{Heap before GC invocations=76 (full 1):
 garbage-first heap   total 970752K, used 695994K [0x0000000600000000, 0x0000000800000000)
  region size 4096K, 110 young (450560K), 10 survivors (40960K)
 Metaspace       used 214352K, committed 216832K, reserved 1245184K
  class space    used 27055K, committed 28224K, reserved 1048576K
}
Event: 4174.465 GC heap after
{Heap after GC invocations=77 (full 1):
 garbage-first heap   total 970752K, used 326484K [0x0000000600000000, 0x0000000800000000)
  region size 4096K, 11 young (45056K), 11 survivors (45056K)
 Metaspace       used 214352K, committed 216832K, reserved 1245184K
  class space    used 27055K, committed 28224K, reserved 1048576K
}
Event: 4175.883 GC heap before
{Heap before GC invocations=77 (full 1):
 garbage-first heap   total 970752K, used 707412K [0x0000000600000000, 0x0000000800000000)
  region size 4096K, 104 young (425984K), 11 survivors (45056K)
 Metaspace       used 214763K, committed 217216K, reserved 1245184K
  class space    used 27079K, committed 28224K, reserved 1048576K
}
Event: 4175.907 GC heap after
{Heap after GC invocations=78 (full 1):
 garbage-first heap   total 970752K, used 386673K [0x0000000600000000, 0x0000000800000000)
  region size 4096K, 13 young (53248K), 13 survivors (53248K)
 Metaspace       used 214763K, committed 217216K, reserved 1245184K
  class space    used 27079K, committed 28224K, reserved 1048576K
}
Event: 4177.913 GC heap before
{Heap before GC invocations=78 (full 1):
 garbage-first heap   total 970752K, used 706161K [0x0000000600000000, 0x0000000800000000)
  region size 4096K, 92 young (376832K), 13 survivors (53248K)
 Metaspace       used 215025K, committed 217472K, reserved 1245184K
  class space    used 27079K, committed 28224K, reserved 1048576K
}
Event: 4177.938 GC heap after
{Heap after GC invocations=79 (full 1):
 garbage-first heap   total 970752K, used 432316K [0x0000000600000000, 0x0000000800000000)
  region size 4096K, 11 young (45056K), 11 survivors (45056K)
 Metaspace       used 215025K, committed 217472K, reserved 1245184K
  class space    used 27079K, committed 28224K, reserved 1048576K
}
Event: 4178.939 GC heap before
{Heap before GC invocations=79 (full 1):
 garbage-first heap   total 970752K, used 719036K [0x0000000600000000, 0x0000000800000000)
  region size 4096K, 81 young (331776K), 11 survivors (45056K)
 Metaspace       used 215211K, committed 217664K, reserved 1245184K
  class space    used 27080K, committed 28224K, reserved 1048576K
}
Event: 4178.978 GC heap after
{Heap after GC invocations=80 (full 1):
 garbage-first heap   total 970752K, used 469981K [0x0000000600000000, 0x0000000800000000)
  region size 4096K, 10 young (40960K), 10 survivors (40960K)
 Metaspace       used 215211K, committed 217664K, reserved 1245184K
  class space    used 27080K, committed 28224K, reserved 1048576K
}
Event: 4181.709 GC heap before
{Heap before GC invocations=80 (full 1):
 garbage-first heap   total 970752K, used 732125K [0x0000000600000000, 0x0000000800000000)
  region size 4096K, 74 young (303104K), 10 survivors (40960K)
 Metaspace       used 215214K, committed 217664K, reserved 1245184K
  class space    used 27080K, committed 28224K, reserved 1048576K
}
Event: 4181.725 GC heap after
{Heap after GC invocations=81 (full 1):
 garbage-first heap   total 970752K, used 473637K [0x0000000600000000, 0x0000000800000000)
  region size 4096K, 2 young (8192K), 2 survivors (8192K)
 Metaspace       used 215214K, committed 217664K, reserved 1245184K
  class space    used 27080K, committed 28224K, reserved 1048576K
}
Event: 4192.499 GC heap before
{Heap before GC invocations=81 (full 1):
 garbage-first heap   total 970752K, used 739877K [0x0000000600000000, 0x0000000800000000)
  region size 4096K, 68 young (278528K), 2 survivors (8192K)
 Metaspace       used 215809K, committed 218560K, reserved 1245184K
  class space    used 27203K, committed 28480K, reserved 1048576K
}
Event: 4192.504 GC heap after
{Heap after GC invocations=82 (full 1):
 garbage-first heap   total 970752K, used 474425K [0x0000000600000000, 0x0000000800000000)
  region size 4096K, 2 young (8192K), 2 survivors (8192K)
 Metaspace       used 215809K, committed 218560K, reserved 1245184K
  class space    used 27203K, committed 28480K, reserved 1048576K
}

