{"total": {"lines":{"total":4165,"covered":3512,"skipped":0,"pct":84.32},"statements":{"total":4165,"covered":3512,"skipped":0,"pct":84.32},"functions":{"total":214,"covered":173,"skipped":0,"pct":80.84},"branches":{"total":468,"covered":312,"skipped":0,"pct":66.66},"branchesTrue":{"total":0,"covered":0,"skipped":0,"pct":100}}
,"C:\\Users\\EDDIE\\Downloads\\HDD-Express\\apps\\bff_hdd\\src\\app.module.ts": {"lines":{"total":91,"covered":91,"skipped":0,"pct":100},"functions":{"total":1,"covered":1,"skipped":0,"pct":100},"statements":{"total":91,"covered":91,"skipped":0,"pct":100},"branches":{"total":1,"covered":1,"skipped":0,"pct":100}}
,"C:\\Users\\EDDIE\\Downloads\\HDD-Express\\apps\\bff_hdd\\src\\main.ts": {"lines":{"total":33,"covered":31,"skipped":0,"pct":93.93},"functions":{"total":1,"covered":1,"skipped":0,"pct":100},"statements":{"total":33,"covered":31,"skipped":0,"pct":93.93},"branches":{"total":3,"covered":2,"skipped":0,"pct":66.66}}
,"C:\\Users\\EDDIE\\Downloads\\HDD-Express\\apps\\bff_hdd\\src\\adapters\\soap\\legacy-soap.client.ts": {"lines":{"total":868,"covered":633,"skipped":0,"pct":72.92},"functions":{"total":45,"covered":32,"skipped":0,"pct":71.11},"statements":{"total":868,"covered":633,"skipped":0,"pct":72.92},"branches":{"total":78,"covered":63,"skipped":0,"pct":80.76}}
,"C:\\Users\\EDDIE\\Downloads\\HDD-Express\\apps\\bff_hdd\\src\\adapters\\soap\\legacy-soap.error.ts": {"lines":{"total":14,"covered":14,"skipped":0,"pct":100},"functions":{"total":1,"covered":1,"skipped":0,"pct":100},"statements":{"total":14,"covered":14,"skipped":0,"pct":100},"branches":{"total":1,"covered":1,"skipped":0,"pct":100}}
,"C:\\Users\\EDDIE\\Downloads\\HDD-Express\\apps\\bff_hdd\\src\\adapters\\soap\\soap-transport.service.ts": {"lines":{"total":164,"covered":146,"skipped":0,"pct":89.02},"functions":{"total":8,"covered":8,"skipped":0,"pct":100},"statements":{"total":164,"covered":146,"skipped":0,"pct":89.02},"branches":{"total":46,"covered":34,"skipped":0,"pct":73.91}}
,"C:\\Users\\EDDIE\\Downloads\\HDD-Express\\apps\\bff_hdd\\src\\adapters\\soap\\soap.module.ts": {"lines":{"total":10,"covered":10,"skipped":0,"pct":100},"functions":{"total":0,"covered":0,"skipped":0,"pct":100},"statements":{"total":10,"covered":10,"skipped":0,"pct":100},"branches":{"total":0,"covered":0,"skipped":0,"pct":100}}
,"C:\\Users\\EDDIE\\Downloads\\HDD-Express\\apps\\bff_hdd\\src\\core\\config\\number-env.ts": {"lines":{"total":24,"covered":22,"skipped":0,"pct":91.66},"functions":{"total":1,"covered":1,"skipped":0,"pct":100},"statements":{"total":24,"covered":22,"skipped":0,"pct":91.66},"branches":{"total":10,"covered":9,"skipped":0,"pct":90}}
,"C:\\Users\\EDDIE\\Downloads\\HDD-Express\\apps\\bff_hdd\\src\\core\\contracts\\p1-contract-policy.ts": {"lines":{"total":69,"covered":65,"skipped":0,"pct":94.2},"functions":{"total":5,"covered":5,"skipped":0,"pct":100},"statements":{"total":69,"covered":65,"skipped":0,"pct":94.2},"branches":{"total":17,"covered":15,"skipped":0,"pct":88.23}}
,"C:\\Users\\EDDIE\\Downloads\\HDD-Express\\apps\\bff_hdd\\src\\core\\contracts\\p2-contract-policy.ts": {"lines":{"total":57,"covered":57,"skipped":0,"pct":100},"functions":{"total":1,"covered":1,"skipped":0,"pct":100},"statements":{"total":57,"covered":57,"skipped":0,"pct":100},"branches":{"total":1,"covered":1,"skipped":0,"pct":100}}
,"C:\\Users\\EDDIE\\Downloads\\HDD-Express\\apps\\bff_hdd\\src\\core\\contracts\\p3-contract-policy.ts": {"lines":{"total":98,"covered":92,"skipped":0,"pct":93.87},"functions":{"total":5,"covered":5,"skipped":0,"pct":100},"statements":{"total":98,"covered":92,"skipped":0,"pct":93.87},"branches":{"total":11,"covered":7,"skipped":0,"pct":63.63}}
,"C:\\Users\\EDDIE\\Downloads\\HDD-Express\\apps\\bff_hdd\\src\\core\\contracts\\p4-contract-policy.ts": {"lines":{"total":79,"covered":75,"skipped":0,"pct":94.93},"functions":{"total":4,"covered":4,"skipped":0,"pct":100},"statements":{"total":79,"covered":75,"skipped":0,"pct":94.93},"branches":{"total":11,"covered":6,"skipped":0,"pct":54.54}}
,"C:\\Users\\EDDIE\\Downloads\\HDD-Express\\apps\\bff_hdd\\src\\core\\contracts\\p5-contract-policy.ts": {"lines":{"total":65,"covered":65,"skipped":0,"pct":100},"functions":{"total":2,"covered":2,"skipped":0,"pct":100},"statements":{"total":65,"covered":65,"skipped":0,"pct":100},"branches":{"total":7,"covered":5,"skipped":0,"pct":71.42}}
,"C:\\Users\\EDDIE\\Downloads\\HDD-Express\\apps\\bff_hdd\\src\\core\\contracts\\p6-contract-policy.ts": {"lines":{"total":68,"covered":66,"skipped":0,"pct":97.05},"functions":{"total":2,"covered":2,"skipped":0,"pct":100},"statements":{"total":68,"covered":66,"skipped":0,"pct":97.05},"branches":{"total":9,"covered":8,"skipped":0,"pct":88.88}}
,"C:\\Users\\EDDIE\\Downloads\\HDD-Express\\apps\\bff_hdd\\src\\core\\contracts\\p7-contract-policy.ts": {"lines":{"total":58,"covered":58,"skipped":0,"pct":100},"functions":{"total":1,"covered":1,"skipped":0,"pct":100},"statements":{"total":58,"covered":58,"skipped":0,"pct":100},"branches":{"total":4,"covered":3,"skipped":0,"pct":75}}
,"C:\\Users\\EDDIE\\Downloads\\HDD-Express\\apps\\bff_hdd\\src\\core\\contracts\\p9-contract-policy.ts": {"lines":{"total":111,"covered":68,"skipped":0,"pct":61.26},"functions":{"total":5,"covered":4,"skipped":0,"pct":80},"statements":{"total":111,"covered":68,"skipped":0,"pct":61.26},"branches":{"total":13,"covered":8,"skipped":0,"pct":61.53}}
,"C:\\Users\\EDDIE\\Downloads\\HDD-Express\\apps\\bff_hdd\\src\\modules\\auth\\auth.controller.ts": {"lines":{"total":46,"covered":36,"skipped":0,"pct":78.26},"functions":{"total":4,"covered":3,"skipped":0,"pct":75},"statements":{"total":46,"covered":36,"skipped":0,"pct":78.26},"branches":{"total":10,"covered":3,"skipped":0,"pct":30}}
,"C:\\Users\\EDDIE\\Downloads\\HDD-Express\\apps\\bff_hdd\\src\\modules\\auth\\auth.module.ts": {"lines":{"total":10,"covered":10,"skipped":0,"pct":100},"functions":{"total":0,"covered":0,"skipped":0,"pct":100},"statements":{"total":10,"covered":10,"skipped":0,"pct":100},"branches":{"total":0,"covered":0,"skipped":0,"pct":100}}
,"C:\\Users\\EDDIE\\Downloads\\HDD-Express\\apps\\bff_hdd\\src\\modules\\auth\\auth.service.ts": {"lines":{"total":248,"covered":230,"skipped":0,"pct":92.74},"functions":{"total":11,"covered":10,"skipped":0,"pct":90.9},"statements":{"total":248,"covered":230,"skipped":0,"pct":92.74},"branches":{"total":22,"covered":15,"skipped":0,"pct":68.18}}
,"C:\\Users\\EDDIE\\Downloads\\HDD-Express\\apps\\bff_hdd\\src\\modules\\auth\\dto\\auth-response.dto.ts": {"lines":{"total":32,"covered":0,"skipped":0,"pct":0},"functions":{"total":1,"covered":0,"skipped":0,"pct":0},"statements":{"total":32,"covered":0,"skipped":0,"pct":0},"branches":{"total":1,"covered":0,"skipped":0,"pct":0}}
,"C:\\Users\\EDDIE\\Downloads\\HDD-Express\\apps\\bff_hdd\\src\\modules\\auth\\dto\\login-request.dto.ts": {"lines":{"total":23,"covered":23,"skipped":0,"pct":100},"functions":{"total":0,"covered":0,"skipped":0,"pct":100},"statements":{"total":23,"covered":23,"skipped":0,"pct":100},"branches":{"total":0,"covered":0,"skipped":0,"pct":100}}
,"C:\\Users\\EDDIE\\Downloads\\HDD-Express\\apps\\bff_hdd\\src\\modules\\auth\\dto\\logout-request.dto.ts": {"lines":{"total":8,"covered":8,"skipped":0,"pct":100},"functions":{"total":0,"covered":0,"skipped":0,"pct":100},"statements":{"total":8,"covered":8,"skipped":0,"pct":100},"branches":{"total":0,"covered":0,"skipped":0,"pct":100}}
,"C:\\Users\\EDDIE\\Downloads\\HDD-Express\\apps\\bff_hdd\\src\\modules\\auth\\dto\\refresh-request.dto.ts": {"lines":{"total":8,"covered":8,"skipped":0,"pct":100},"functions":{"total":0,"covered":0,"skipped":0,"pct":100},"statements":{"total":8,"covered":8,"skipped":0,"pct":100},"branches":{"total":0,"covered":0,"skipped":0,"pct":100}}
,"C:\\Users\\EDDIE\\Downloads\\HDD-Express\\apps\\bff_hdd\\src\\modules\\currency\\currency.controller.ts": {"lines":{"total":59,"covered":39,"skipped":0,"pct":66.1},"functions":{"total":7,"covered":2,"skipped":0,"pct":28.57},"statements":{"total":59,"covered":39,"skipped":0,"pct":66.1},"branches":{"total":12,"covered":2,"skipped":0,"pct":16.66}}
,"C:\\Users\\EDDIE\\Downloads\\HDD-Express\\apps\\bff_hdd\\src\\modules\\currency\\currency.module.ts": {"lines":{"total":9,"covered":9,"skipped":0,"pct":100},"functions":{"total":0,"covered":0,"skipped":0,"pct":100},"statements":{"total":9,"covered":9,"skipped":0,"pct":100},"branches":{"total":0,"covered":0,"skipped":0,"pct":100}}
,"C:\\Users\\EDDIE\\Downloads\\HDD-Express\\apps\\bff_hdd\\src\\modules\\currency\\currency.service.ts": {"lines":{"total":101,"covered":101,"skipped":0,"pct":100},"functions":{"total":7,"covered":7,"skipped":0,"pct":100},"statements":{"total":101,"covered":101,"skipped":0,"pct":100},"branches":{"total":12,"covered":11,"skipped":0,"pct":91.66}}
,"C:\\Users\\EDDIE\\Downloads\\HDD-Express\\apps\\bff_hdd\\src\\modules\\currency\\dto\\currency-query.dto.ts": {"lines":{"total":39,"covered":39,"skipped":0,"pct":100},"functions":{"total":0,"covered":0,"skipped":0,"pct":100},"statements":{"total":39,"covered":39,"skipped":0,"pct":100},"branches":{"total":0,"covered":0,"skipped":0,"pct":100}}
,"C:\\Users\\EDDIE\\Downloads\\HDD-Express\\apps\\bff_hdd\\src\\modules\\currency\\dto\\currency-response.dto.ts": {"lines":{"total":18,"covered":18,"skipped":0,"pct":100},"functions":{"total":0,"covered":0,"skipped":0,"pct":100},"statements":{"total":18,"covered":18,"skipped":0,"pct":100},"branches":{"total":0,"covered":0,"skipped":0,"pct":100}}
,"C:\\Users\\EDDIE\\Downloads\\HDD-Express\\apps\\bff_hdd\\src\\modules\\driver-location\\driver-location.controller.ts": {"lines":{"total":27,"covered":27,"skipped":0,"pct":100},"functions":{"total":3,"covered":3,"skipped":0,"pct":100},"statements":{"total":27,"covered":27,"skipped":0,"pct":100},"branches":{"total":7,"covered":3,"skipped":0,"pct":42.85}}
,"C:\\Users\\EDDIE\\Downloads\\HDD-Express\\apps\\bff_hdd\\src\\modules\\driver-location\\driver-location.module.ts": {"lines":{"total":9,"covered":9,"skipped":0,"pct":100},"functions":{"total":0,"covered":0,"skipped":0,"pct":100},"statements":{"total":9,"covered":9,"skipped":0,"pct":100},"branches":{"total":0,"covered":0,"skipped":0,"pct":100}}
,"C:\\Users\\EDDIE\\Downloads\\HDD-Express\\apps\\bff_hdd\\src\\modules\\driver-location\\driver-location.service.ts": {"lines":{"total":165,"covered":96,"skipped":0,"pct":58.18},"functions":{"total":11,"covered":8,"skipped":0,"pct":72.72},"statements":{"total":165,"covered":96,"skipped":0,"pct":58.18},"branches":{"total":12,"covered":9,"skipped":0,"pct":75}}
,"C:\\Users\\EDDIE\\Downloads\\HDD-Express\\apps\\bff_hdd\\src\\modules\\driver-location\\dto\\driver-location.dto.ts": {"lines":{"total":26,"covered":26,"skipped":0,"pct":100},"functions":{"total":0,"covered":0,"skipped":0,"pct":100},"statements":{"total":26,"covered":26,"skipped":0,"pct":100},"branches":{"total":0,"covered":0,"skipped":0,"pct":100}}
,"C:\\Users\\EDDIE\\Downloads\\HDD-Express\\apps\\bff_hdd\\src\\modules\\health\\health.controller.ts": {"lines":{"total":16,"covered":16,"skipped":0,"pct":100},"functions":{"total":1,"covered":1,"skipped":0,"pct":100},"statements":{"total":16,"covered":16,"skipped":0,"pct":100},"branches":{"total":1,"covered":1,"skipped":0,"pct":100}}
,"C:\\Users\\EDDIE\\Downloads\\HDD-Express\\apps\\bff_hdd\\src\\modules\\health\\health.module.ts": {"lines":{"total":7,"covered":7,"skipped":0,"pct":100},"functions":{"total":0,"covered":0,"skipped":0,"pct":100},"statements":{"total":7,"covered":7,"skipped":0,"pct":100},"branches":{"total":0,"covered":0,"skipped":0,"pct":100}}
,"C:\\Users\\EDDIE\\Downloads\\HDD-Express\\apps\\bff_hdd\\src\\modules\\notification\\notification.controller.ts": {"lines":{"total":33,"covered":33,"skipped":0,"pct":100},"functions":{"total":3,"covered":3,"skipped":0,"pct":100},"statements":{"total":33,"covered":33,"skipped":0,"pct":100},"branches":{"total":6,"covered":3,"skipped":0,"pct":50}}
,"C:\\Users\\EDDIE\\Downloads\\HDD-Express\\apps\\bff_hdd\\src\\modules\\notification\\notification.module.ts": {"lines":{"total":9,"covered":9,"skipped":0,"pct":100},"functions":{"total":0,"covered":0,"skipped":0,"pct":100},"statements":{"total":9,"covered":9,"skipped":0,"pct":100},"branches":{"total":0,"covered":0,"skipped":0,"pct":100}}
,"C:\\Users\\EDDIE\\Downloads\\HDD-Express\\apps\\bff_hdd\\src\\modules\\notification\\notification.service.ts": {"lines":{"total":52,"covered":52,"skipped":0,"pct":100},"functions":{"total":3,"covered":3,"skipped":0,"pct":100},"statements":{"total":52,"covered":52,"skipped":0,"pct":100},"branches":{"total":6,"covered":3,"skipped":0,"pct":50}}
,"C:\\Users\\EDDIE\\Downloads\\HDD-Express\\apps\\bff_hdd\\src\\modules\\notification\\dto\\register-push-token.dto.ts": {"lines":{"total":22,"covered":22,"skipped":0,"pct":100},"functions":{"total":0,"covered":0,"skipped":0,"pct":100},"statements":{"total":22,"covered":22,"skipped":0,"pct":100},"branches":{"total":0,"covered":0,"skipped":0,"pct":100}}
,"C:\\Users\\EDDIE\\Downloads\\HDD-Express\\apps\\bff_hdd\\src\\modules\\notification\\dto\\unregister-push-token.dto.ts": {"lines":{"total":8,"covered":8,"skipped":0,"pct":100},"functions":{"total":0,"covered":0,"skipped":0,"pct":100},"statements":{"total":8,"covered":8,"skipped":0,"pct":100},"branches":{"total":0,"covered":0,"skipped":0,"pct":100}}
,"C:\\Users\\EDDIE\\Downloads\\HDD-Express\\apps\\bff_hdd\\src\\modules\\orders\\orders.controller.ts": {"lines":{"total":20,"covered":20,"skipped":0,"pct":100},"functions":{"total":2,"covered":2,"skipped":0,"pct":100},"statements":{"total":20,"covered":20,"skipped":0,"pct":100},"branches":{"total":4,"covered":2,"skipped":0,"pct":50}}
,"C:\\Users\\EDDIE\\Downloads\\HDD-Express\\apps\\bff_hdd\\src\\modules\\orders\\orders.module.ts": {"lines":{"total":9,"covered":9,"skipped":0,"pct":100},"functions":{"total":0,"covered":0,"skipped":0,"pct":100},"statements":{"total":9,"covered":9,"skipped":0,"pct":100},"branches":{"total":0,"covered":0,"skipped":0,"pct":100}}
,"C:\\Users\\EDDIE\\Downloads\\HDD-Express\\apps\\bff_hdd\\src\\modules\\orders\\orders.service.ts": {"lines":{"total":72,"covered":70,"skipped":0,"pct":97.22},"functions":{"total":2,"covered":2,"skipped":0,"pct":100},"statements":{"total":72,"covered":70,"skipped":0,"pct":97.22},"branches":{"total":10,"covered":8,"skipped":0,"pct":80}}
,"C:\\Users\\EDDIE\\Downloads\\HDD-Express\\apps\\bff_hdd\\src\\modules\\proxy\\proxy.controller.ts": {"lines":{"total":31,"covered":27,"skipped":0,"pct":87.09},"functions":{"total":5,"covered":3,"skipped":0,"pct":60},"statements":{"total":31,"covered":27,"skipped":0,"pct":87.09},"branches":{"total":12,"covered":3,"skipped":0,"pct":25}}
,"C:\\Users\\EDDIE\\Downloads\\HDD-Express\\apps\\bff_hdd\\src\\modules\\proxy\\proxy.module.ts": {"lines":{"total":9,"covered":9,"skipped":0,"pct":100},"functions":{"total":0,"covered":0,"skipped":0,"pct":100},"statements":{"total":9,"covered":9,"skipped":0,"pct":100},"branches":{"total":0,"covered":0,"skipped":0,"pct":100}}
,"C:\\Users\\EDDIE\\Downloads\\HDD-Express\\apps\\bff_hdd\\src\\modules\\proxy\\proxy.service.ts": {"lines":{"total":51,"covered":44,"skipped":0,"pct":86.27},"functions":{"total":5,"covered":4,"skipped":0,"pct":80},"statements":{"total":51,"covered":44,"skipped":0,"pct":86.27},"branches":{"total":5,"covered":4,"skipped":0,"pct":80}}
,"C:\\Users\\EDDIE\\Downloads\\HDD-Express\\apps\\bff_hdd\\src\\modules\\proxy\\dto\\proxy-query.dto.ts": {"lines":{"total":30,"covered":30,"skipped":0,"pct":100},"functions":{"total":0,"covered":0,"skipped":0,"pct":100},"statements":{"total":30,"covered":30,"skipped":0,"pct":100},"branches":{"total":0,"covered":0,"skipped":0,"pct":100}}
,"C:\\Users\\EDDIE\\Downloads\\HDD-Express\\apps\\bff_hdd\\src\\modules\\proxy\\dto\\proxy-response.dto.ts": {"lines":{"total":28,"covered":28,"skipped":0,"pct":100},"functions":{"total":0,"covered":0,"skipped":0,"pct":100},"statements":{"total":28,"covered":28,"skipped":0,"pct":100},"branches":{"total":0,"covered":0,"skipped":0,"pct":100}}
,"C:\\Users\\EDDIE\\Downloads\\HDD-Express\\apps\\bff_hdd\\src\\modules\\reservation\\reservation.controller.ts": {"lines":{"total":85,"covered":65,"skipped":0,"pct":76.47},"functions":{"total":9,"covered":5,"skipped":0,"pct":55.55},"statements":{"total":85,"covered":65,"skipped":0,"pct":76.47},"branches":{"total":18,"covered":5,"skipped":0,"pct":27.77}}
,"C:\\Users\\EDDIE\\Downloads\\HDD-Express\\apps\\bff_hdd\\src\\modules\\reservation\\reservation.module.ts": {"lines":{"total":9,"covered":9,"skipped":0,"pct":100},"functions":{"total":0,"covered":0,"skipped":0,"pct":100},"statements":{"total":9,"covered":9,"skipped":0,"pct":100},"branches":{"total":0,"covered":0,"skipped":0,"pct":100}}
,"C:\\Users\\EDDIE\\Downloads\\HDD-Express\\apps\\bff_hdd\\src\\modules\\reservation\\reservation.service.ts": {"lines":{"total":149,"covered":112,"skipped":0,"pct":75.16},"functions":{"total":9,"covered":6,"skipped":0,"pct":66.66},"statements":{"total":149,"covered":112,"skipped":0,"pct":75.16},"branches":{"total":9,"covered":7,"skipped":0,"pct":77.77}}
,"C:\\Users\\EDDIE\\Downloads\\HDD-Express\\apps\\bff_hdd\\src\\modules\\reservation\\dto\\create-reservation.dto.ts": {"lines":{"total":38,"covered":38,"skipped":0,"pct":100},"functions":{"total":0,"covered":0,"skipped":0,"pct":100},"statements":{"total":38,"covered":38,"skipped":0,"pct":100},"branches":{"total":0,"covered":0,"skipped":0,"pct":100}}
,"C:\\Users\\EDDIE\\Downloads\\HDD-Express\\apps\\bff_hdd\\src\\modules\\reservation\\dto\\reservation-param.dto.ts": {"lines":{"total":8,"covered":8,"skipped":0,"pct":100},"functions":{"total":0,"covered":0,"skipped":0,"pct":100},"statements":{"total":8,"covered":8,"skipped":0,"pct":100},"branches":{"total":0,"covered":0,"skipped":0,"pct":100}}
,"C:\\Users\\EDDIE\\Downloads\\HDD-Express\\apps\\bff_hdd\\src\\modules\\reservation\\dto\\reservation-query.dto.ts": {"lines":{"total":14,"covered":14,"skipped":0,"pct":100},"functions":{"total":0,"covered":0,"skipped":0,"pct":100},"statements":{"total":14,"covered":14,"skipped":0,"pct":100},"branches":{"total":0,"covered":0,"skipped":0,"pct":100}}
,"C:\\Users\\EDDIE\\Downloads\\HDD-Express\\apps\\bff_hdd\\src\\modules\\reservation\\dto\\reservation-response.dto.ts": {"lines":{"total":7,"covered":0,"skipped":0,"pct":0},"functions":{"total":1,"covered":0,"skipped":0,"pct":0},"statements":{"total":7,"covered":0,"skipped":0,"pct":0},"branches":{"total":1,"covered":0,"skipped":0,"pct":0}}
,"C:\\Users\\EDDIE\\Downloads\\HDD-Express\\apps\\bff_hdd\\src\\modules\\reservation\\dto\\reservation-support-query.dto.ts": {"lines":{"total":8,"covered":8,"skipped":0,"pct":100},"functions":{"total":0,"covered":0,"skipped":0,"pct":100},"statements":{"total":8,"covered":8,"skipped":0,"pct":100},"branches":{"total":0,"covered":0,"skipped":0,"pct":100}}
,"C:\\Users\\EDDIE\\Downloads\\HDD-Express\\apps\\bff_hdd\\src\\modules\\reservation\\dto\\reservation-support-response.dto.ts": {"lines":{"total":18,"covered":18,"skipped":0,"pct":100},"functions":{"total":0,"covered":0,"skipped":0,"pct":100},"statements":{"total":18,"covered":18,"skipped":0,"pct":100},"branches":{"total":0,"covered":0,"skipped":0,"pct":100}}
,"C:\\Users\\EDDIE\\Downloads\\HDD-Express\\apps\\bff_hdd\\src\\modules\\shipment\\shipment.controller.ts": {"lines":{"total":43,"covered":35,"skipped":0,"pct":81.39},"functions":{"total":4,"covered":3,"skipped":0,"pct":75},"statements":{"total":43,"covered":35,"skipped":0,"pct":81.39},"branches":{"total":9,"covered":3,"skipped":0,"pct":33.33}}
,"C:\\Users\\EDDIE\\Downloads\\HDD-Express\\apps\\bff_hdd\\src\\modules\\shipment\\shipment.module.ts": {"lines":{"total":9,"covered":9,"skipped":0,"pct":100},"functions":{"total":0,"covered":0,"skipped":0,"pct":100},"statements":{"total":9,"covered":9,"skipped":0,"pct":100},"branches":{"total":0,"covered":0,"skipped":0,"pct":100}}
,"C:\\Users\\EDDIE\\Downloads\\HDD-Express\\apps\\bff_hdd\\src\\modules\\shipment\\shipment.service.ts": {"lines":{"total":116,"covered":97,"skipped":0,"pct":83.62},"functions":{"total":4,"covered":4,"skipped":0,"pct":100},"statements":{"total":116,"covered":97,"skipped":0,"pct":83.62},"branches":{"total":10,"covered":8,"skipped":0,"pct":80}}
,"C:\\Users\\EDDIE\\Downloads\\HDD-Express\\apps\\bff_hdd\\src\\modules\\shipment\\dto\\delivery-request.dto.ts": {"lines":{"total":29,"covered":29,"skipped":0,"pct":100},"functions":{"total":0,"covered":0,"skipped":0,"pct":100},"statements":{"total":29,"covered":29,"skipped":0,"pct":100},"branches":{"total":0,"covered":0,"skipped":0,"pct":100}}
,"C:\\Users\\EDDIE\\Downloads\\HDD-Express\\apps\\bff_hdd\\src\\modules\\shipment\\dto\\exception-request.dto.ts": {"lines":{"total":35,"covered":35,"skipped":0,"pct":100},"functions":{"total":0,"covered":0,"skipped":0,"pct":100},"statements":{"total":35,"covered":35,"skipped":0,"pct":100},"branches":{"total":0,"covered":0,"skipped":0,"pct":100}}
,"C:\\Users\\EDDIE\\Downloads\\HDD-Express\\apps\\bff_hdd\\src\\modules\\shipment\\dto\\shipment-response.dto.ts": {"lines":{"total":14,"covered":0,"skipped":0,"pct":0},"functions":{"total":1,"covered":0,"skipped":0,"pct":0},"statements":{"total":14,"covered":0,"skipped":0,"pct":0},"branches":{"total":1,"covered":0,"skipped":0,"pct":0}}
,"C:\\Users\\EDDIE\\Downloads\\HDD-Express\\apps\\bff_hdd\\src\\modules\\system\\system.controller.ts": {"lines":{"total":18,"covered":18,"skipped":0,"pct":100},"functions":{"total":2,"covered":2,"skipped":0,"pct":100},"statements":{"total":18,"covered":18,"skipped":0,"pct":100},"branches":{"total":5,"covered":2,"skipped":0,"pct":40}}
,"C:\\Users\\EDDIE\\Downloads\\HDD-Express\\apps\\bff_hdd\\src\\modules\\system\\system.module.ts": {"lines":{"total":9,"covered":9,"skipped":0,"pct":100},"functions":{"total":0,"covered":0,"skipped":0,"pct":100},"statements":{"total":9,"covered":9,"skipped":0,"pct":100},"branches":{"total":0,"covered":0,"skipped":0,"pct":100}}
,"C:\\Users\\EDDIE\\Downloads\\HDD-Express\\apps\\bff_hdd\\src\\modules\\system\\system.service.ts": {"lines":{"total":24,"covered":24,"skipped":0,"pct":100},"functions":{"total":2,"covered":2,"skipped":0,"pct":100},"statements":{"total":24,"covered":24,"skipped":0,"pct":100},"branches":{"total":3,"covered":2,"skipped":0,"pct":66.66}}
,"C:\\Users\\EDDIE\\Downloads\\HDD-Express\\apps\\bff_hdd\\src\\modules\\system\\dto\\system-version-query.dto.ts": {"lines":{"total":8,"covered":8,"skipped":0,"pct":100},"functions":{"total":0,"covered":0,"skipped":0,"pct":100},"statements":{"total":8,"covered":8,"skipped":0,"pct":100},"branches":{"total":0,"covered":0,"skipped":0,"pct":100}}
,"C:\\Users\\EDDIE\\Downloads\\HDD-Express\\apps\\bff_hdd\\src\\modules\\system\\dto\\system-version-response.dto.ts": {"lines":{"total":4,"covered":4,"skipped":0,"pct":100},"functions":{"total":0,"covered":0,"skipped":0,"pct":100},"statements":{"total":4,"covered":4,"skipped":0,"pct":100},"branches":{"total":0,"covered":0,"skipped":0,"pct":100}}
,"C:\\Users\\EDDIE\\Downloads\\HDD-Express\\apps\\bff_hdd\\src\\modules\\webview\\webview.controller.ts": {"lines":{"total":30,"covered":26,"skipped":0,"pct":86.66},"functions":{"total":3,"covered":3,"skipped":0,"pct":100},"statements":{"total":30,"covered":26,"skipped":0,"pct":86.66},"branches":{"total":8,"covered":3,"skipped":0,"pct":37.5}}
,"C:\\Users\\EDDIE\\Downloads\\HDD-Express\\apps\\bff_hdd\\src\\modules\\webview\\webview.module.ts": {"lines":{"total":11,"covered":11,"skipped":0,"pct":100},"functions":{"total":0,"covered":0,"skipped":0,"pct":100},"statements":{"total":11,"covered":11,"skipped":0,"pct":100},"branches":{"total":0,"covered":0,"skipped":0,"pct":100}}
,"C:\\Users\\EDDIE\\Downloads\\HDD-Express\\apps\\bff_hdd\\src\\modules\\webview\\webview.service.ts": {"lines":{"total":49,"covered":43,"skipped":0,"pct":87.75},"functions":{"total":3,"covered":3,"skipped":0,"pct":100},"statements":{"total":49,"covered":43,"skipped":0,"pct":87.75},"branches":{"total":5,"covered":3,"skipped":0,"pct":60}}
,"C:\\Users\\EDDIE\\Downloads\\HDD-Express\\apps\\bff_hdd\\src\\observability\\http-logging.interceptor.ts": {"lines":{"total":30,"covered":30,"skipped":0,"pct":100},"functions":{"total":3,"covered":3,"skipped":0,"pct":100},"statements":{"total":30,"covered":30,"skipped":0,"pct":100},"branches":{"total":3,"covered":3,"skipped":0,"pct":100}}
,"C:\\Users\\EDDIE\\Downloads\\HDD-Express\\apps\\bff_hdd\\src\\security\\auth-claims.ts": {"lines":{"total":12,"covered":0,"skipped":0,"pct":0},"functions":{"total":1,"covered":0,"skipped":0,"pct":0},"statements":{"total":12,"covered":0,"skipped":0,"pct":0},"branches":{"total":1,"covered":0,"skipped":0,"pct":0}}
,"C:\\Users\\EDDIE\\Downloads\\HDD-Express\\apps\\bff_hdd\\src\\security\\bearer-auth.guard.ts": {"lines":{"total":56,"covered":52,"skipped":0,"pct":92.85},"functions":{"total":3,"covered":3,"skipped":0,"pct":100},"statements":{"total":56,"covered":52,"skipped":0,"pct":92.85},"branches":{"total":11,"covered":8,"skipped":0,"pct":72.72}}
,"C:\\Users\\EDDIE\\Downloads\\HDD-Express\\apps\\bff_hdd\\src\\security\\legacy-soap-exception.filter.ts": {"lines":{"total":102,"covered":75,"skipped":0,"pct":73.52},"functions":{"total":5,"covered":5,"skipped":0,"pct":100},"statements":{"total":102,"covered":75,"skipped":0,"pct":73.52},"branches":{"total":28,"covered":17,"skipped":0,"pct":60.71}}
,"C:\\Users\\EDDIE\\Downloads\\HDD-Express\\apps\\bff_hdd\\src\\security\\no-store-response.decorator.ts": {"lines":{"total":6,"covered":6,"skipped":0,"pct":100},"functions":{"total":1,"covered":1,"skipped":0,"pct":100},"statements":{"total":6,"covered":6,"skipped":0,"pct":100},"branches":{"total":1,"covered":1,"skipped":0,"pct":100}}
,"C:\\Users\\EDDIE\\Downloads\\HDD-Express\\apps\\bff_hdd\\src\\security\\no-store-response.interceptor.ts": {"lines":{"total":30,"covered":30,"skipped":0,"pct":100},"functions":{"total":2,"covered":2,"skipped":0,"pct":100},"statements":{"total":30,"covered":30,"skipped":0,"pct":100},"branches":{"total":4,"covered":3,"skipped":0,"pct":75}}
,"C:\\Users\\EDDIE\\Downloads\\HDD-Express\\apps\\bff_hdd\\src\\security\\public.decorator.ts": {"lines":{"total":4,"covered":4,"skipped":0,"pct":100},"functions":{"total":1,"covered":1,"skipped":0,"pct":100},"statements":{"total":4,"covered":4,"skipped":0,"pct":100},"branches":{"total":1,"covered":1,"skipped":0,"pct":100}}
,"C:\\Users\\EDDIE\\Downloads\\HDD-Express\\apps\\bff_hdd\\src\\security\\redis-token-store.service.ts": {"lines":{"total":88,"covered":86,"skipped":0,"pct":97.72},"functions":{"total":8,"covered":8,"skipped":0,"pct":100},"statements":{"total":88,"covered":86,"skipped":0,"pct":97.72},"branches":{"total":14,"covered":13,"skipped":0,"pct":92.85}}
,"C:\\Users\\EDDIE\\Downloads\\HDD-Express\\apps\\bff_hdd\\src\\security\\security.module.ts": {"lines":{"total":9,"covered":9,"skipped":0,"pct":100},"functions":{"total":0,"covered":0,"skipped":0,"pct":100},"statements":{"total":9,"covered":9,"skipped":0,"pct":100},"branches":{"total":0,"covered":0,"skipped":0,"pct":100}}
,"C:\\Users\\EDDIE\\Downloads\\HDD-Express\\apps\\bff_hdd\\src\\shared\\idempotency\\idempotency-guard.service.ts": {"lines":{"total":50,"covered":35,"skipped":0,"pct":70},"functions":{"total":5,"covered":3,"skipped":0,"pct":60},"statements":{"total":50,"covered":35,"skipped":0,"pct":70},"branches":{"total":4,"covered":3,"skipped":0,"pct":75}}
,"C:\\Users\\EDDIE\\Downloads\\HDD-Express\\apps\\bff_hdd\\src\\shared\\idempotency\\idempotency.module.ts": {"lines":{"total":9,"covered":9,"skipped":0,"pct":100},"functions":{"total":0,"covered":0,"skipped":0,"pct":100},"statements":{"total":9,"covered":9,"skipped":0,"pct":100},"branches":{"total":0,"covered":0,"skipped":0,"pct":100}}
}
