TN:
SF:src\app.module.ts
FN:37,useFactory
FNF:1
FNH:1
FNDA:1,useFactory
DA:1,1
DA:2,1
DA:3,1
DA:4,1
DA:5,1
DA:6,1
DA:7,1
DA:8,1
DA:9,1
DA:10,1
DA:11,1
DA:12,1
DA:13,1
DA:14,1
DA:15,1
DA:16,1
DA:17,1
DA:18,1
DA:19,1
DA:20,1
DA:21,1
DA:22,1
DA:23,1
DA:24,1
DA:25,1
DA:26,1
DA:27,1
DA:28,1
DA:29,1
DA:30,1
DA:31,1
DA:32,1
DA:33,1
DA:34,1
DA:35,1
DA:36,1
DA:37,1
DA:38,1
DA:39,1
DA:40,1
DA:41,1
DA:42,1
DA:43,1
DA:44,1
DA:45,1
DA:46,1
DA:47,1
DA:48,1
DA:49,1
DA:50,1
DA:51,1
DA:52,1
DA:53,1
DA:54,1
DA:55,1
DA:56,1
DA:57,1
DA:58,1
DA:59,1
DA:60,1
DA:61,1
DA:62,1
DA:63,1
DA:64,1
DA:65,1
DA:66,1
DA:67,1
DA:68,1
DA:69,1
DA:70,1
DA:71,1
DA:72,1
DA:73,1
DA:74,1
DA:75,1
DA:76,1
DA:77,1
DA:78,1
DA:79,1
DA:80,1
DA:81,1
DA:82,1
DA:83,1
DA:84,1
DA:85,1
DA:86,1
DA:87,1
DA:88,1
DA:89,1
DA:90,1
DA:91,1
LF:91
LH:91
BRDA:37,0,0,1
BRF:1
BRH:1
end_of_record
TN:
SF:src\main.ts
FN:7,bootstrap
FNF:1
FNH:1
FNDA:7,bootstrap
DA:1,1
DA:2,1
DA:3,1
DA:4,1
DA:5,1
DA:6,1
DA:7,1
DA:8,7
DA:9,7
DA:10,7
DA:11,7
DA:12,7
DA:13,7
DA:14,7
DA:15,7
DA:16,7
DA:17,7
DA:18,7
DA:19,7
DA:20,7
DA:21,7
DA:22,7
DA:23,7
DA:24,7
DA:25,7
DA:26,7
DA:27,7
DA:28,7
DA:29,7
DA:30,1
DA:31,1
DA:32,0
DA:33,0
LF:33
LH:31
BRDA:31,0,0,0
BRDA:7,1,0,7
BRDA:27,2,0,6
BRF:3
BRH:2
end_of_record
TN:
SF:src\adapters\soap\legacy-soap.client.ts
FN:107,LegacySoapClient
FN:112,validateLogin
FN:143,buildWebviewCookies
FN:179,getBulletins
FN:193,safeReadHost
FN:202,updateRegId
FN:220,deleteRegId
FN:231,getVersion
FN:242,getShipment
FN:273,acceptOrder
FN:285,uploadSignature
FN:303,reportDriverLocation
FN:325,submitShipmentDelivery
FN:348,submitShipmentException
FN:371,listReservations
FN:384,createReservation
FN:418,deleteReservation
FN:443,getReservationZipAreas
FN:453,getReservationAvailable
FN:467,getReservationAvailableBulk
FN:481,getReservationAreaCodes
FN:494,getReservationArrived
FN:507,getProxyMates
FN:520,searchProxyKpi
FN:535,getProxyKpi
FN:550,getProxyKpiDaily
FN:564,getDriverCurrency
FN:578,getDriverCurrencyMonth
FN:592,getDriverBalance
FN:605,getDepositHead
FN:620,getDepositBody
FN:635,getShipmentCurrency
FN:648,normalizeShipment
FN:665,normalizeReservation
FN:687,normalizeBulletin
FN:715,normalizeReservationSupport
FN:739,normalizeProxyMate
FN:756,normalizeProxyKpi
FN:772,normalizeCurrency
FN:793,throwIfBusinessError
FN:799,isBusinessError
FN:803,parseJsonArray
FN:822,pickString
FN:838,pickNumber
FN:857,collectScalarValues
FNF:45
FNH:32
FNDA:24,LegacySoapClient
FNDA:7,validateLogin
FNDA:2,buildWebviewCookies
FNDA:4,getBulletins
FNDA:2,safeReadHost
FNDA:1,updateRegId
FNDA:1,deleteRegId
FNDA:1,getVersion
FNDA:3,getShipment
FNDA:0,acceptOrder
FNDA:0,uploadSignature
FNDA:0,reportDriverLocation
FNDA:0,submitShipmentDelivery
FNDA:0,submitShipmentException
FNDA:3,listReservations
FNDA:2,createReservation
FNDA:0,deleteReservation
FNDA:1,getReservationZipAreas
FNDA:1,getReservationAvailable
FNDA:1,getReservationAvailableBulk
FNDA:1,getReservationAreaCodes
FNDA:1,getReservationArrived
FNDA:1,getProxyMates
FNDA:1,searchProxyKpi
FNDA:1,getProxyKpi
FNDA:1,getProxyKpiDaily
FNDA:1,getDriverCurrency
FNDA:1,getDriverCurrencyMonth
FNDA:1,getDriverBalance
FNDA:1,getDepositHead
FNDA:1,getDepositBody
FNDA:1,getShipmentCurrency
FNDA:1,normalizeShipment
FNDA:0,normalizeReservation
FNDA:2,normalizeBulletin
FNDA:0,normalizeReservationSupport
FNDA:0,normalizeProxyMate
FNDA:0,normalizeProxyKpi
FNDA:0,normalizeCurrency
FNDA:36,throwIfBusinessError
FNDA:39,isBusinessError
FNDA:31,parseJsonArray
FNDA:29,pickString
FNDA:0,pickNumber
FNDA:0,collectScalarValues
DA:1,1
DA:2,1
DA:3,1
DA:4,1
DA:5,1
DA:6,1
DA:7,1
DA:8,1
DA:9,1
DA:10,1
DA:11,1
DA:12,1
DA:13,1
DA:14,1
DA:15,1
DA:16,1
DA:17,1
DA:18,1
DA:19,1
DA:20,1
DA:21,1
DA:22,1
DA:23,1
DA:24,1
DA:25,1
DA:26,1
DA:27,1
DA:28,1
DA:29,1
DA:30,1
DA:31,1
DA:32,1
DA:33,1
DA:34,1
DA:35,1
DA:36,1
DA:37,1
DA:38,1
DA:39,1
DA:40,1
DA:41,1
DA:42,1
DA:43,1
DA:44,1
DA:45,1
DA:46,1
DA:47,1
DA:48,1
DA:49,1
DA:50,1
DA:51,1
DA:52,1
DA:53,1
DA:54,1
DA:55,1
DA:56,1
DA:57,1
DA:58,1
DA:59,1
DA:60,1
DA:61,1
DA:62,1
DA:63,1
DA:64,1
DA:65,1
DA:66,1
DA:67,1
DA:68,1
DA:69,1
DA:70,1
DA:71,1
DA:72,1
DA:73,1
DA:74,1
DA:75,1
DA:76,1
DA:77,1
DA:78,1
DA:79,1
DA:80,1
DA:81,1
DA:82,1
DA:83,1
DA:84,1
DA:85,1
DA:86,1
DA:87,1
DA:88,1
DA:89,1
DA:90,1
DA:91,1
DA:92,1
DA:93,1
DA:94,1
DA:95,1
DA:96,1
DA:97,1
DA:98,1
DA:99,1
DA:100,1
DA:101,1
DA:102,1
DA:103,1
DA:104,1
DA:105,1
DA:106,1
DA:107,1
DA:108,24
DA:109,24
DA:110,24
DA:111,1
DA:112,1
DA:113,7
DA:114,7
DA:115,7
DA:116,7
DA:117,7
DA:118,7
DA:119,7
DA:120,7
DA:121,7
DA:122,7
DA:123,7
DA:124,7
DA:125,1
DA:126,1
DA:127,5
DA:128,5
DA:129,5
DA:130,7
DA:131,1
DA:132,1
DA:133,4
DA:134,4
DA:135,4
DA:136,4
DA:137,4
DA:138,7
DA:139,7
DA:140,7
DA:141,7
DA:142,1
DA:143,1
DA:144,2
DA:145,2
DA:146,2
DA:147,2
DA:148,2
DA:149,2
DA:150,2
DA:151,2
DA:152,2
DA:153,2
DA:154,2
DA:155,2
DA:156,2
DA:157,2
DA:158,2
DA:159,2
DA:160,2
DA:161,2
DA:162,2
DA:163,2
DA:164,2
DA:165,2
DA:166,2
DA:167,2
DA:168,2
DA:169,2
DA:170,2
DA:171,2
DA:172,2
DA:173,2
DA:174,2
DA:175,2
DA:176,2
DA:177,2
DA:178,1
DA:179,1
DA:180,4
DA:181,4
DA:182,4
DA:183,4
DA:184,4
DA:185,4
DA:186,4
DA:187,4
DA:188,4
DA:189,4
DA:190,4
DA:191,4
DA:192,1
DA:193,1
DA:194,2
DA:195,2
DA:196,2
DA:197,2
DA:198,0
DA:199,0
DA:200,2
DA:201,1
DA:202,1
DA:203,1
DA:204,1
DA:205,1
DA:206,1
DA:207,1
DA:208,1
DA:209,1
DA:210,1
DA:211,1
DA:212,1
DA:213,1
DA:214,1
DA:215,1
DA:216,1
DA:217,1
DA:218,1
DA:219,1
DA:220,1
DA:221,1
DA:222,1
DA:223,1
DA:224,1
DA:225,1
DA:226,1
DA:227,1
DA:228,1
DA:229,1
DA:230,1
DA:231,1
DA:232,1
DA:233,1
DA:234,1
DA:235,1
DA:236,1
DA:237,1
DA:238,1
DA:239,1
DA:240,1
DA:241,1
DA:242,1
DA:243,3
DA:244,3
DA:245,3
DA:246,3
DA:247,3
DA:248,3
DA:249,3
DA:250,3
DA:251,1
DA:252,1
DA:253,2
DA:254,2
DA:255,2
DA:256,2
DA:257,2
DA:258,2
DA:259,2
DA:260,2
DA:261,2
DA:262,2
DA:263,2
DA:264,2
DA:265,2
DA:266,3
DA:267,1
DA:268,1
DA:269,1
DA:270,1
DA:271,1
DA:272,1
DA:273,1
DA:274,0
DA:275,0
DA:276,0
DA:277,0
DA:278,0
DA:279,0
DA:280,0
DA:281,0
DA:282,0
DA:283,0
DA:284,1
DA:285,1
DA:286,0
DA:287,0
DA:288,0
DA:289,0
DA:290,0
DA:291,0
DA:292,0
DA:293,0
DA:294,0
DA:295,0
DA:296,0
DA:297,0
DA:298,0
DA:299,0
DA:300,0
DA:301,0
DA:302,1
DA:303,1
DA:304,0
DA:305,0
DA:306,0
DA:307,0
DA:308,0
DA:309,0
DA:310,0
DA:311,0
DA:312,0
DA:313,0
DA:314,0
DA:315,0
DA:316,0
DA:317,0
DA:318,0
DA:319,0
DA:320,0
DA:321,0
DA:322,0
DA:323,0
DA:324,1
DA:325,1
DA:326,0
DA:327,0
DA:328,0
DA:329,0
DA:330,0
DA:331,0
DA:332,0
DA:333,0
DA:334,0
DA:335,0
DA:336,0
DA:337,0
DA:338,0
DA:339,0
DA:340,0
DA:341,0
DA:342,0
DA:343,0
DA:344,0
DA:345,0
DA:346,0
DA:347,1
DA:348,1
DA:349,0
DA:350,0
DA:351,0
DA:352,0
DA:353,0
DA:354,0
DA:355,0
DA:356,0
DA:357,0
DA:358,0
DA:359,0
DA:360,0
DA:361,0
DA:362,0
DA:363,0
DA:364,0
DA:365,0
DA:366,0
DA:367,0
DA:368,0
DA:369,0
DA:370,1
DA:371,1
DA:372,3
DA:373,3
DA:374,3
DA:375,3
DA:376,3
DA:377,3
DA:378,3
DA:379,3
DA:380,3
DA:381,3
DA:382,3
DA:383,1
DA:384,1
DA:385,2
DA:386,2
DA:387,2
DA:388,2
DA:389,2
DA:390,2
DA:391,2
DA:392,2
DA:393,2
DA:394,2
DA:395,2
DA:396,2
DA:397,2
DA:398,2
DA:399,2
DA:400,1
DA:401,1
DA:402,1
DA:403,1
DA:404,1
DA:405,2
DA:406,1
DA:407,1
DA:408,1
DA:409,1
DA:410,2
DA:411,2
DA:412,2
DA:413,2
DA:414,2
DA:415,2
DA:416,2
DA:417,1
DA:418,1
DA:419,0
DA:420,0
DA:421,0
DA:422,0
DA:423,0
DA:424,0
DA:425,0
DA:426,0
DA:427,0
DA:428,0
DA:429,0
DA:430,0
DA:431,0
DA:432,0
DA:433,0
DA:434,0
DA:435,0
DA:436,0
DA:437,0
DA:438,0
DA:439,0
DA:440,0
DA:441,0
DA:442,1
DA:443,1
DA:444,1
DA:445,1
DA:446,1
DA:447,1
DA:448,1
DA:449,1
DA:450,1
DA:451,1
DA:452,1
DA:453,1
DA:454,1
DA:455,1
DA:456,1
DA:457,1
DA:458,1
DA:459,1
DA:460,1
DA:461,1
DA:462,1
DA:463,1
DA:464,1
DA:465,1
DA:466,1
DA:467,1
DA:468,1
DA:469,1
DA:470,1
DA:471,1
DA:472,1
DA:473,1
DA:474,1
DA:475,1
DA:476,1
DA:477,1
DA:478,1
DA:479,1
DA:480,1
DA:481,1
DA:482,1
DA:483,1
DA:484,1
DA:485,1
DA:486,1
DA:487,1
DA:488,1
DA:489,1
DA:490,1
DA:491,1
DA:492,1
DA:493,1
DA:494,1
DA:495,1
DA:496,1
DA:497,1
DA:498,1
DA:499,1
DA:500,1
DA:501,1
DA:502,1
DA:503,1
DA:504,1
DA:505,1
DA:506,1
DA:507,1
DA:508,1
DA:509,1
DA:510,1
DA:511,1
DA:512,1
DA:513,1
DA:514,1
DA:515,1
DA:516,1
DA:517,1
DA:518,1
DA:519,1
DA:520,1
DA:521,1
DA:522,1
DA:523,1
DA:524,1
DA:525,1
DA:526,1
DA:527,1
DA:528,1
DA:529,1
DA:530,1
DA:531,1
DA:532,1
DA:533,1
DA:534,1
DA:535,1
DA:536,1
DA:537,1
DA:538,1
DA:539,1
DA:540,1
DA:541,1
DA:542,1
DA:543,1
DA:544,1
DA:545,1
DA:546,1
DA:547,1
DA:548,1
DA:549,1
DA:550,1
DA:551,1
DA:552,1
DA:553,1
DA:554,1
DA:555,1
DA:556,1
DA:557,1
DA:558,1
DA:559,1
DA:560,1
DA:561,1
DA:562,1
DA:563,1
DA:564,1
DA:565,1
DA:566,1
DA:567,1
DA:568,1
DA:569,1
DA:570,1
DA:571,1
DA:572,1
DA:573,1
DA:574,1
DA:575,1
DA:576,1
DA:577,1
DA:578,1
DA:579,1
DA:580,1
DA:581,1
DA:582,1
DA:583,1
DA:584,1
DA:585,1
DA:586,1
DA:587,1
DA:588,1
DA:589,1
DA:590,1
DA:591,1
DA:592,1
DA:593,1
DA:594,1
DA:595,1
DA:596,1
DA:597,1
DA:598,1
DA:599,1
DA:600,1
DA:601,1
DA:602,1
DA:603,1
DA:604,1
DA:605,1
DA:606,1
DA:607,1
DA:608,1
DA:609,1
DA:610,1
DA:611,1
DA:612,1
DA:613,1
DA:614,1
DA:615,1
DA:616,1
DA:617,1
DA:618,1
DA:619,1
DA:620,1
DA:621,1
DA:622,1
DA:623,1
DA:624,1
DA:625,1
DA:626,1
DA:627,1
DA:628,1
DA:629,1
DA:630,1
DA:631,1
DA:632,1
DA:633,1
DA:634,1
DA:635,1
DA:636,1
DA:637,1
DA:638,1
DA:639,1
DA:640,1
DA:641,1
DA:642,1
DA:643,1
DA:644,1
DA:645,1
DA:646,1
DA:647,1
DA:648,1
DA:649,1
DA:650,1
DA:651,1
DA:652,1
DA:653,1
DA:654,1
DA:655,1
DA:656,1
DA:657,1
DA:658,1
DA:659,1
DA:660,1
DA:661,1
DA:662,1
DA:663,1
DA:664,1
DA:665,1
DA:666,0
DA:667,0
DA:668,0
DA:669,0
DA:670,0
DA:671,0
DA:672,0
DA:673,0
DA:674,0
DA:675,0
DA:676,0
DA:677,0
DA:678,0
DA:679,0
DA:680,0
DA:681,0
DA:682,0
DA:683,0
DA:684,0
DA:685,0
DA:686,1
DA:687,1
DA:688,2
DA:689,2
DA:690,2
DA:691,2
DA:692,2
DA:693,2
DA:694,2
DA:695,2
DA:696,2
DA:697,2
DA:698,1
DA:699,1
DA:700,1
DA:701,1
DA:702,1
DA:703,1
DA:704,2
DA:705,2
DA:706,2
DA:707,2
DA:708,2
DA:709,2
DA:710,2
DA:711,2
DA:712,2
DA:713,2
DA:714,1
DA:715,1
DA:716,0
DA:717,0
DA:718,0
DA:719,0
DA:720,0
DA:721,0
DA:722,0
DA:723,0
DA:724,0
DA:725,0
DA:726,0
DA:727,0
DA:728,0
DA:729,0
DA:730,0
DA:731,0
DA:732,0
DA:733,0
DA:734,0
DA:735,0
DA:736,0
DA:737,0
DA:738,1
DA:739,1
DA:740,0
DA:741,0
DA:742,0
DA:743,0
DA:744,0
DA:745,0
DA:746,0
DA:747,0
DA:748,0
DA:749,0
DA:750,0
DA:751,0
DA:752,0
DA:753,0
DA:754,0
DA:755,1
DA:756,1
DA:757,0
DA:758,0
DA:759,0
DA:760,0
DA:761,0
DA:762,0
DA:763,0
DA:764,0
DA:765,0
DA:766,0
DA:767,0
DA:768,0
DA:769,0
DA:770,0
DA:771,1
DA:772,1
DA:773,0
DA:774,0
DA:775,0
DA:776,0
DA:777,0
DA:778,0
DA:779,0
DA:780,0
DA:781,0
DA:782,0
DA:783,0
DA:784,0
DA:785,0
DA:786,0
DA:787,0
DA:788,0
DA:789,0
DA:790,0
DA:791,0
DA:792,1
DA:793,1
DA:794,36
DA:795,2
DA:796,2
DA:797,36
DA:798,1
DA:799,1
DA:800,39
DA:801,39
DA:802,1
DA:803,1
DA:804,31
DA:805,31
DA:806,1
DA:807,1
DA:808,30
DA:809,30
DA:810,31
DA:811,29
DA:812,29
DA:813,31
DA:814,0
DA:815,0
DA:816,0
DA:817,31
DA:818,1
DA:819,1
DA:820,31
DA:821,1
DA:822,1
DA:823,29
DA:824,29
DA:825,29
DA:826,29
DA:827,40
DA:828,40
DA:829,14
DA:830,14
DA:831,40
DA:832,0
DA:833,0
DA:834,40
DA:835,15
DA:836,15
DA:837,1
DA:838,1
DA:839,0
DA:840,0
DA:841,0
DA:842,0
DA:843,0
DA:844,0
DA:845,0
DA:846,0
DA:847,0
DA:848,0
DA:849,0
DA:850,0
DA:851,0
DA:852,0
DA:853,0
DA:854,0
DA:855,0
DA:856,1
DA:857,1
DA:858,0
DA:859,0
DA:860,0
DA:861,0
DA:862,0
DA:863,0
DA:864,0
DA:865,0
DA:866,0
DA:867,0
DA:868,1
LF:868
LH:633
BRDA:108,0,0,0
BRDA:107,1,0,24
BRDA:112,2,0,7
BRDA:124,3,0,1
BRDA:127,4,0,5
BRDA:130,5,0,1
BRDA:133,6,0,4
BRDA:138,7,0,2
BRDA:139,8,0,3
BRDA:143,9,0,2
BRDA:150,10,0,1
BRDA:150,11,0,0
BRDA:179,12,0,4
BRDA:187,13,0,2
BRDA:188,14,0,2
BRDA:193,15,0,2
BRDA:196,16,0,0
BRDA:197,17,0,0
BRDA:202,18,0,1
BRDA:220,19,0,1
BRDA:231,20,0,1
BRDA:242,21,0,3
BRDA:250,22,0,1
BRDA:253,23,0,2
BRDA:266,24,0,1
BRDA:371,25,0,3
BRDA:372,26,0,1
BRDA:372,27,0,2
BRDA:384,28,0,2
BRDA:393,29,0,1
BRDA:393,30,0,1
BRDA:399,31,0,1
BRDA:400,32,0,0
BRDA:402,33,0,0
BRDA:405,34,0,1
BRDA:413,35,0,0
BRDA:443,36,0,1
BRDA:453,37,0,1
BRDA:467,38,0,1
BRDA:481,39,0,1
BRDA:494,40,0,1
BRDA:507,41,0,1
BRDA:520,42,0,1
BRDA:535,43,0,1
BRDA:550,44,0,1
BRDA:564,45,0,1
BRDA:578,46,0,1
BRDA:592,47,0,1
BRDA:605,48,0,1
BRDA:620,49,0,1
BRDA:635,50,0,1
BRDA:648,51,0,1
BRDA:650,52,0,0
BRDA:651,53,0,0
BRDA:652,54,0,0
BRDA:658,55,0,0
BRDA:687,56,0,2
BRDA:695,57,0,1
BRDA:697,58,0,1
BRDA:703,59,0,0
BRDA:793,60,0,36
BRDA:794,61,0,2
BRDA:799,62,0,39
BRDA:803,63,0,31
BRDA:805,64,0,1
BRDA:808,65,0,30
BRDA:810,66,0,29
BRDA:813,67,0,0
BRDA:813,68,0,0
BRDA:817,69,0,1
BRDA:811,70,0,8
BRDA:822,71,0,29
BRDA:826,72,0,40
BRDA:828,73,0,20
BRDA:828,74,0,14
BRDA:831,75,0,26
BRDA:831,76,0,0
BRDA:835,77,0,15
BRF:78
BRH:63
end_of_record
TN:
SF:src\adapters\soap\legacy-soap.error.ts
FN:7,LegacySoapError
FNF:1
FNH:1
FNDA:35,LegacySoapError
DA:1,1
DA:2,1
DA:3,1
DA:4,1
DA:5,1
DA:6,1
DA:7,1
DA:8,35
DA:9,35
DA:10,35
DA:11,35
DA:12,35
DA:13,35
DA:14,1
LF:14
LH:14
BRDA:7,0,0,35
BRF:1
BRH:1
end_of_record
TN:
SF:src\adapters\soap\soap-transport.service.ts
FN:20,SoapTransportService
FN:22,call
FN:72,buildEnvelope
FN:96,tryParseXml
FN:104,extractMethodResult
FN:124,findValueByKey
FN:140,findValueBySuffix
FN:156,escapeXml
FNF:8
FNH:8
FNDA:6,SoapTransportService
FNDA:5,call
FNDA:5,buildEnvelope
FNDA:4,tryParseXml
FNDA:4,extractMethodResult
FNDA:26,findValueByKey
FNDA:8,findValueBySuffix
FNDA:1,escapeXml
DA:1,1
DA:2,1
DA:3,1
DA:4,1
DA:5,1
DA:6,1
DA:7,1
DA:8,1
DA:9,1
DA:10,1
DA:11,1
DA:12,1
DA:13,1
DA:14,1
DA:15,1
DA:16,1
DA:17,1
DA:18,1
DA:19,1
DA:20,1
DA:21,1
DA:22,1
DA:23,5
DA:24,5
DA:25,5
DA:26,5
DA:27,5
DA:28,5
DA:29,5
DA:30,5
DA:31,5
DA:32,5
DA:33,5
DA:34,5
DA:35,5
DA:36,5
DA:37,5
DA:38,5
DA:39,5
DA:40,5
DA:41,5
DA:42,5
DA:43,5
DA:44,5
DA:45,5
DA:46,5
DA:47,5
DA:48,4
DA:49,5
DA:50,1
DA:51,0
DA:52,0
DA:53,1
DA:54,0
DA:55,0
DA:56,1
DA:57,1
DA:58,4
DA:59,4
DA:60,5
DA:61,0
DA:62,0
DA:63,4
DA:64,4
DA:65,4
DA:66,5
DA:67,1
DA:68,1
DA:69,3
DA:70,3
DA:71,1
DA:72,1
DA:73,5
DA:74,5
DA:75,5
DA:76,5
DA:77,5
DA:78,5
DA:79,1
DA:80,1
DA:81,5
DA:82,5
DA:83,5
DA:84,5
DA:85,5
DA:86,5
DA:87,5
DA:88,5
DA:89,5
DA:90,5
DA:91,5
DA:92,5
DA:93,5
DA:94,5
DA:95,1
DA:96,1
DA:97,4
DA:98,4
DA:99,4
DA:100,0
DA:101,0
DA:102,4
DA:103,1
DA:104,1
DA:105,4
DA:106,4
DA:107,4
DA:108,3
DA:109,3
DA:110,4
DA:111,0
DA:112,0
DA:113,1
DA:114,1
DA:115,4
DA:116,0
DA:117,0
DA:118,4
DA:119,0
DA:120,0
DA:121,1
DA:122,1
DA:123,1
DA:124,1
DA:125,26
DA:126,6
DA:127,6
DA:128,26
DA:129,25
DA:130,3
DA:131,3
DA:132,22
DA:133,25
DA:134,9
DA:135,9
DA:136,25
DA:137,8
DA:138,8
DA:139,1
DA:140,1
DA:141,8
DA:142,3
DA:143,3
DA:144,8
DA:145,7
DA:146,0
DA:147,0
DA:148,7
DA:149,7
DA:150,0
DA:151,0
DA:152,7
DA:153,5
DA:154,5
DA:155,1
DA:156,1
DA:157,1
DA:158,1
DA:159,1
DA:160,1
DA:161,1
DA:162,1
DA:163,1
DA:164,1
LF:164
LH:146
BRDA:20,0,0,0
BRDA:20,1,0,6
BRDA:22,2,0,5
BRDA:32,3,0,0
BRDA:34,4,0,4
BRDA:48,5,0,4
BRDA:49,6,0,1
BRDA:50,7,0,0
BRDA:53,8,0,0
BRDA:58,9,0,4
BRDA:60,10,0,0
BRDA:63,11,0,4
BRDA:66,12,0,1
BRDA:69,13,0,3
BRDA:30,14,0,1
BRDA:72,15,0,5
BRDA:78,16,0,1
BRDA:79,17,0,0
BRDA:96,18,0,4
BRDA:99,19,0,0
BRDA:104,20,0,4
BRDA:107,21,0,3
BRDA:110,22,0,1
BRDA:110,23,0,0
BRDA:113,24,0,1
BRDA:115,25,0,0
BRDA:118,26,0,1
BRDA:118,27,0,0
BRDA:121,28,0,1
BRDA:124,29,0,26
BRDA:125,30,0,6
BRDA:128,31,0,20
BRDA:128,32,0,25
BRDA:129,33,0,22
BRDA:129,34,0,3
BRDA:132,35,0,22
BRDA:133,36,0,9
BRDA:137,37,0,8
BRDA:140,38,0,8
BRDA:141,39,0,3
BRDA:144,40,0,5
BRDA:144,41,0,7
BRDA:145,42,0,0
BRDA:149,43,0,0
BRDA:153,44,0,5
BRDA:156,45,0,1
BRF:46
BRH:34
end_of_record
TN:
SF:src\adapters\soap\soap.module.ts
FNF:0
FNH:0
DA:1,1
DA:2,1
DA:3,1
DA:4,1
DA:5,1
DA:6,1
DA:7,1
DA:8,1
DA:9,1
DA:10,1
LF:10
LH:10
BRF:0
BRH:0
end_of_record
TN:
SF:src\core\config\number-env.ts
FN:1,readPositiveInt
FNF:1
FNH:1
FNDA:15,readPositiveInt
DA:1,15
DA:2,15
DA:3,15
DA:4,15
DA:5,15
DA:6,15
DA:7,15
DA:8,15
DA:9,0
DA:10,0
DA:11,15
DA:12,15
DA:13,15
DA:14,7
DA:15,7
DA:16,8
DA:17,8
DA:18,15
DA:19,7
DA:20,7
DA:21,1
DA:22,15
DA:23,15
DA:24,15
LF:24
LH:22
BRDA:1,0,0,15
BRDA:8,1,0,0
BRDA:12,2,0,3
BRDA:12,3,0,12
BRDA:13,4,0,7
BRDA:16,5,0,8
BRDA:18,6,0,7
BRDA:18,7,0,8
BRDA:18,8,0,7
BRDA:21,9,0,1
BRF:10
BRH:9
end_of_record
TN:
SF:src\core\contracts\p1-contract-policy.ts
FN:24,ensureMax
FN:35,ensureOptionalMax
FN:46,ensureMaxItems
FN:52,truncateMax
FN:59,ensureIsoDatetime
FNF:5
FNH:5
FNDA:319,ensureMax
FNDA:87,ensureOptionalMax
FNDA:11,ensureMaxItems
FNDA:50,truncateMax
FNDA:11,ensureIsoDatetime
DA:1,1
DA:2,1
DA:3,1
DA:4,1
DA:5,1
DA:6,1
DA:7,1
DA:8,1
DA:9,1
DA:10,1
DA:11,1
DA:12,1
DA:13,1
DA:14,1
DA:15,1
DA:16,1
DA:17,1
DA:18,1
DA:19,1
DA:20,1
DA:21,1
DA:22,1
DA:23,1
DA:24,319
DA:25,319
DA:26,16
DA:27,16
DA:28,16
DA:29,16
DA:30,16
DA:31,16
DA:32,303
DA:33,303
DA:34,1
DA:35,87
DA:36,87
DA:37,87
DA:38,87
DA:39,87
DA:40,87
DA:41,56
DA:42,56
DA:43,31
DA:44,31
DA:45,1
DA:46,11
DA:47,11
DA:48,0
DA:49,0
DA:50,11
DA:51,1
DA:52,50
DA:53,50
DA:54,42
DA:55,42
DA:56,8
DA:57,8
DA:58,1
DA:59,11
DA:60,11
DA:61,0
DA:62,0
DA:63,11
DA:64,11
DA:65,11
DA:66,2
DA:67,2
DA:68,9
DA:69,9
LF:69
LH:65
BRDA:24,0,0,319
BRDA:25,1,0,16
BRDA:32,2,0,303
BRDA:35,3,0,87
BRDA:40,4,0,56
BRDA:43,5,0,31
BRDA:46,6,0,11
BRDA:47,7,0,0
BRDA:52,8,0,50
BRDA:53,9,0,47
BRDA:53,10,0,42
BRDA:56,11,0,8
BRDA:59,12,0,11
BRDA:60,13,0,0
BRDA:65,14,0,10
BRDA:65,15,0,2
BRDA:68,16,0,9
BRF:17
BRH:15
end_of_record
TN:
SF:src\core\contracts\p2-contract-policy.ts
FN:19,enforceShipmentResponseContract
FNF:1
FNH:1
FNDA:4,enforceShipmentResponseContract
DA:1,1
DA:2,1
DA:3,1
DA:4,1
DA:5,1
DA:6,1
DA:7,1
DA:8,1
DA:9,1
DA:10,1
DA:11,1
DA:12,1
DA:13,1
DA:14,1
DA:15,1
DA:16,1
DA:17,1
DA:18,1
DA:19,4
DA:20,4
DA:21,4
DA:22,4
DA:23,4
DA:24,4
DA:25,4
DA:26,4
DA:27,4
DA:28,4
DA:29,4
DA:30,4
DA:31,4
DA:32,4
DA:33,4
DA:34,4
DA:35,4
DA:36,4
DA:37,4
DA:38,4
DA:39,4
DA:40,4
DA:41,4
DA:42,4
DA:43,4
DA:44,4
DA:45,4
DA:46,4
DA:47,4
DA:48,4
DA:49,4
DA:50,4
DA:51,4
DA:52,4
DA:53,4
DA:54,4
DA:55,4
DA:56,4
DA:57,4
LF:57
LH:57
BRDA:19,0,0,4
BRF:1
BRH:1
end_of_record
TN:
SF:src\core\contracts\p3-contract-policy.ts
FN:22,enforceReservationListContract
FN:31,enforceReservationCreateContract
FN:47,enforceReservationItemContract
FN:76,ensureReservationMode
FN:87,ensureReservationFee
FNF:5
FNH:5
FNDA:4,enforceReservationListContract
FNDA:2,enforceReservationCreateContract
FNDA:3,enforceReservationItemContract
FNDA:1,ensureReservationMode
FNDA:1,ensureReservationFee
DA:1,1
DA:2,1
DA:3,1
DA:4,1
DA:5,1
DA:6,1
DA:7,1
DA:8,1
DA:9,1
DA:10,1
DA:11,1
DA:12,1
DA:13,1
DA:14,1
DA:15,1
DA:16,1
DA:17,1
DA:18,1
DA:19,1
DA:20,1
DA:21,1
DA:22,4
DA:23,4
DA:24,4
DA:25,4
DA:26,4
DA:27,3
DA:28,4
DA:29,4
DA:30,1
DA:31,2
DA:32,2
DA:33,2
DA:34,2
DA:35,2
DA:36,2
DA:37,2
DA:38,2
DA:39,2
DA:40,2
DA:41,2
DA:42,2
DA:43,2
DA:44,2
DA:45,2
DA:46,1
DA:47,3
DA:48,3
DA:49,3
DA:50,3
DA:51,3
DA:52,3
DA:53,3
DA:54,3
DA:55,3
DA:56,3
DA:57,3
DA:58,3
DA:59,3
DA:60,3
DA:61,3
DA:62,3
DA:63,3
DA:64,3
DA:65,3
DA:66,1
DA:67,1
DA:68,1
DA:69,1
DA:70,3
DA:71,3
DA:72,3
DA:73,3
DA:74,3
DA:75,1
DA:76,1
DA:77,1
DA:78,1
DA:79,1
DA:80,1
DA:81,1
DA:82,0
DA:83,0
DA:84,1
DA:85,1
DA:86,1
DA:87,1
DA:88,1
DA:89,1
DA:90,1
DA:91,1
DA:92,1
DA:93,1
DA:94,1
DA:95,0
DA:96,0
DA:97,0
DA:98,0
LF:98
LH:92
BRDA:22,0,0,4
BRDA:26,1,0,3
BRDA:31,2,0,2
BRDA:47,3,0,3
BRDA:65,4,0,1
BRDA:76,5,0,1
BRDA:81,6,0,0
BRDA:81,7,0,0
BRDA:87,8,0,1
BRDA:94,9,0,0
BRDA:94,10,0,0
BRF:11
BRH:7
end_of_record
TN:
SF:src\core\contracts\p4-contract-policy.ts
FN:22,enforceHealthResponseContract
FN:50,normalizeErrorResponseContract
FN:62,normalizeCode
FN:73,normalizeMessage
FNF:4
FNH:4
FNDA:2,enforceHealthResponseContract
FNDA:37,normalizeErrorResponseContract
FNDA:37,normalizeCode
FNDA:37,normalizeMessage
DA:1,1
DA:2,1
DA:3,1
DA:4,1
DA:5,1
DA:6,1
DA:7,1
DA:8,1
DA:9,1
DA:10,1
DA:11,1
DA:12,1
DA:13,1
DA:14,1
DA:15,1
DA:16,1
DA:17,1
DA:18,1
DA:19,1
DA:20,1
DA:21,1
DA:22,2
DA:23,2
DA:24,2
DA:25,2
DA:26,2
DA:27,2
DA:28,2
DA:29,2
DA:30,2
DA:31,2
DA:32,2
DA:33,2
DA:34,2
DA:35,2
DA:36,2
DA:37,2
DA:38,2
DA:39,2
DA:40,2
DA:41,2
DA:42,2
DA:43,2
DA:44,2
DA:45,2
DA:46,2
DA:47,2
DA:48,2
DA:49,1
DA:50,37
DA:51,37
DA:52,37
DA:53,37
DA:54,37
DA:55,37
DA:56,37
DA:57,37
DA:58,37
DA:59,37
DA:60,37
DA:61,1
DA:62,37
DA:63,37
DA:64,37
DA:65,0
DA:66,0
DA:67,37
DA:68,1
DA:69,1
DA:70,36
DA:71,36
DA:72,1
DA:73,37
DA:74,37
DA:75,37
DA:76,0
DA:77,0
DA:78,37
DA:79,37
LF:79
LH:75
BRDA:22,0,0,2
BRDA:41,1,0,0
BRDA:50,2,0,37
BRDA:62,3,0,37
BRDA:63,4,0,0
BRDA:64,5,0,0
BRDA:67,6,0,36
BRDA:67,7,0,1
BRDA:73,8,0,37
BRDA:74,9,0,0
BRDA:75,10,0,0
BRF:11
BRH:6
end_of_record
TN:
SF:src\core\contracts\p5-contract-policy.ts
FN:18,enforceProxyMateListContract
FN:43,enforceProxyKpiListContract
FNF:2
FNH:2
FNDA:2,enforceProxyMateListContract
FNDA:3,enforceProxyKpiListContract
DA:1,1
DA:2,1
DA:3,1
DA:4,1
DA:5,1
DA:6,1
DA:7,1
DA:8,1
DA:9,1
DA:10,1
DA:11,1
DA:12,1
DA:13,1
DA:14,1
DA:15,1
DA:16,1
DA:17,1
DA:18,2
DA:19,2
DA:20,2
DA:21,2
DA:22,2
DA:23,2
DA:24,2
DA:25,2
DA:26,2
DA:27,2
DA:28,2
DA:29,2
DA:30,2
DA:31,2
DA:32,2
DA:33,2
DA:34,2
DA:35,2
DA:36,2
DA:37,2
DA:38,2
DA:39,2
DA:40,2
DA:41,2
DA:42,1
DA:43,3
DA:44,3
DA:45,3
DA:46,3
DA:47,3
DA:48,3
DA:49,3
DA:50,3
DA:51,3
DA:52,3
DA:53,3
DA:54,3
DA:55,3
DA:56,3
DA:57,3
DA:58,3
DA:59,3
DA:60,3
DA:61,3
DA:62,3
DA:63,3
DA:64,3
DA:65,3
LF:65
LH:65
BRDA:18,0,0,2
BRDA:22,1,0,2
BRDA:34,2,0,0
BRDA:43,3,0,3
BRDA:47,4,0,3
BRDA:58,5,0,0
BRDA:58,6,0,1
BRF:7
BRH:5
end_of_record
TN:
SF:src\core\contracts\p6-contract-policy.ts
FN:23,enforceCurrencyListContract
FN:60,ensureOptionalNumber
FNF:2
FNH:2
FNDA:10,enforceCurrencyListContract
FNDA:14,ensureOptionalNumber
DA:1,1
DA:2,1
DA:3,1
DA:4,1
DA:5,1
DA:6,1
DA:7,1
DA:8,1
DA:9,1
DA:10,1
DA:11,1
DA:12,1
DA:13,1
DA:14,1
DA:15,1
DA:16,1
DA:17,1
DA:18,1
DA:19,1
DA:20,1
DA:21,1
DA:22,1
DA:23,10
DA:24,10
DA:25,10
DA:26,10
DA:27,10
DA:28,9
DA:29,9
DA:30,9
DA:31,9
DA:32,9
DA:33,9
DA:34,9
DA:35,9
DA:36,9
DA:37,9
DA:38,9
DA:39,9
DA:40,9
DA:41,9
DA:42,9
DA:43,9
DA:44,9
DA:45,9
DA:46,9
DA:47,9
DA:48,9
DA:49,9
DA:50,9
DA:51,9
DA:52,9
DA:53,9
DA:54,9
DA:55,9
DA:56,9
DA:57,10
DA:58,10
DA:59,1
DA:60,14
DA:61,14
DA:62,6
DA:63,6
DA:64,14
DA:65,0
DA:66,0
DA:67,8
DA:68,8
LF:68
LH:66
BRDA:23,0,0,10
BRDA:27,1,0,9
BRDA:38,2,0,6
BRDA:38,3,0,1
BRDA:60,4,0,14
BRDA:61,5,0,8
BRDA:61,6,0,6
BRDA:64,7,0,0
BRDA:67,8,0,8
BRF:9
BRH:8
end_of_record
TN:
SF:src\core\contracts\p7-contract-policy.ts
FN:19,enforceReservationSupportListContract
FNF:1
FNH:1
FNDA:4,enforceReservationSupportListContract
DA:1,1
DA:2,1
DA:3,1
DA:4,1
DA:5,1
DA:6,1
DA:7,1
DA:8,1
DA:9,1
DA:10,1
DA:11,1
DA:12,1
DA:13,1
DA:14,1
DA:15,1
DA:16,1
DA:17,1
DA:18,1
DA:19,4
DA:20,4
DA:21,4
DA:22,4
DA:23,4
DA:24,4
DA:25,4
DA:26,4
DA:27,4
DA:28,4
DA:29,4
DA:30,4
DA:31,4
DA:32,4
DA:33,4
DA:34,4
DA:35,4
DA:36,4
DA:37,4
DA:38,4
DA:39,4
DA:40,4
DA:41,4
DA:42,4
DA:43,4
DA:44,4
DA:45,4
DA:46,4
DA:47,4
DA:48,4
DA:49,4
DA:50,4
DA:51,4
DA:52,4
DA:53,4
DA:54,4
DA:55,4
DA:56,4
DA:57,4
DA:58,4
LF:58
LH:58
BRDA:19,0,0,4
BRDA:23,1,0,4
BRDA:34,2,0,2
BRDA:34,3,0,0
BRF:4
BRH:3
end_of_record
TN:
SF:src\core\contracts\p9-contract-policy.ts
FN:16,enforceSystemVersionResponseContract
FN:26,parseLegacyVersionCode
FN:65,ensureVersionCode
FN:72,normalizeVersionToken
FN:84,extractVersionCandidate
FNF:5
FNH:4
FNDA:2,enforceSystemVersionResponseContract
FNDA:4,parseLegacyVersionCode
FNDA:2,ensureVersionCode
FNDA:4,normalizeVersionToken
FNDA:0,extractVersionCandidate
DA:1,1
DA:2,1
DA:3,1
DA:4,1
DA:5,1
DA:6,1
DA:7,1
DA:8,1
DA:9,1
DA:10,1
DA:11,1
DA:12,1
DA:13,1
DA:14,1
DA:15,1
DA:16,2
DA:17,2
DA:18,2
DA:19,2
DA:20,2
DA:21,2
DA:22,2
DA:23,2
DA:24,2
DA:25,1
DA:26,4
DA:27,4
DA:28,4
DA:29,4
DA:30,4
DA:31,4
DA:32,4
DA:33,0
DA:34,0
DA:35,4
DA:36,4
DA:37,4
DA:38,2
DA:39,2
DA:40,2
DA:41,2
DA:42,2
DA:43,2
DA:44,2
DA:45,4
DA:46,0
DA:47,0
DA:48,0
DA:49,0
DA:50,0
DA:51,0
DA:52,0
DA:53,4
DA:54,2
DA:55,0
DA:56,0
DA:57,2
DA:58,2
DA:59,2
DA:60,2
DA:61,2
DA:62,2
DA:63,4
DA:64,1
DA:65,2
DA:66,2
DA:67,0
DA:68,0
DA:69,2
DA:70,2
DA:71,1
DA:72,4
DA:73,4
DA:74,4
DA:75,2
DA:76,2
DA:77,2
DA:78,4
DA:79,0
DA:80,0
DA:81,2
DA:82,2
DA:83,1
DA:84,0
DA:85,0
DA:86,0
DA:87,0
DA:88,0
DA:89,0
DA:90,0
DA:91,0
DA:92,0
DA:93,0
DA:94,0
DA:95,0
DA:96,0
DA:97,0
DA:98,0
DA:99,0
DA:100,0
DA:101,0
DA:102,0
DA:103,0
DA:104,0
DA:105,0
DA:106,0
DA:107,0
DA:108,0
DA:109,0
DA:110,0
DA:111,0
LF:111
LH:68
BRDA:16,0,0,2
BRDA:26,1,0,4
BRDA:32,2,0,0
BRDA:37,3,0,2
BRDA:45,4,0,0
BRDA:53,5,0,2
BRDA:54,6,0,0
BRDA:65,7,0,2
BRDA:66,8,0,0
BRDA:72,9,0,4
BRDA:74,10,0,2
BRDA:78,11,0,0
BRDA:81,12,0,2
BRF:13
BRH:8
end_of_record
TN:
SF:src\modules\auth\auth.controller.ts
FN:16,AuthController
FN:22,login
FN:29,refresh
FN:35,logout
FNF:4
FNH:3
FNDA:1,AuthController
FNDA:6,login
FNDA:1,refresh
FNDA:0,logout
DA:1,1
DA:2,1
DA:3,1
DA:4,1
DA:5,1
DA:6,1
DA:7,1
DA:8,1
DA:9,1
DA:10,1
DA:11,1
DA:12,1
DA:13,1
DA:14,1
DA:15,1
DA:16,1
DA:17,1
DA:18,1
DA:19,1
DA:20,1
DA:21,1
DA:22,1
DA:23,6
DA:24,6
DA:25,1
DA:26,1
DA:27,1
DA:28,1
DA:29,1
DA:30,1
DA:31,1
DA:32,1
DA:33,1
DA:34,1
DA:35,1
DA:36,0
DA:37,0
DA:38,0
DA:39,0
DA:40,0
DA:41,0
DA:42,0
DA:43,0
DA:44,0
DA:45,0
DA:46,1
LF:46
LH:36
BRDA:22,0,0,0
BRDA:22,1,0,0
BRDA:29,2,0,0
BRDA:29,3,0,0
BRDA:36,4,0,0
BRDA:38,5,0,0
BRDA:16,6,0,0
BRDA:16,7,0,1
BRDA:22,8,0,6
BRDA:29,9,0,1
BRF:10
BRH:3
end_of_record
TN:
SF:src\modules\auth\auth.module.ts
FNF:0
FNH:0
DA:1,1
DA:2,1
DA:3,1
DA:4,1
DA:5,1
DA:6,1
DA:7,1
DA:8,1
DA:9,1
DA:10,1
LF:10
LH:10
BRF:0
BRH:0
end_of_record
TN:
SF:src\modules\auth\auth.service.ts
FN:31,AuthService
FN:38,login
FN:96,refresh
FN:130,logout
FN:138,getWebviewBootstrap
FN:166,computeIdentify
FN:170,buildClaims
FN:191,getRefreshTtlSeconds
FN:199,ensureTokenStoreReady
FN:207,enforceCookieContract
FN:242,requireString
FNF:11
FNH:10
FNDA:3,AuthService
FNDA:8,login
FNDA:3,refresh
FNDA:0,logout
FNDA:8,getWebviewBootstrap
FNDA:7,computeIdentify
FNDA:9,buildClaims
FNDA:9,getRefreshTtlSeconds
FNDA:11,ensureTokenStoreReady
FNDA:18,enforceCookieContract
FNDA:72,requireString
DA:1,1
DA:2,1
DA:3,1
DA:4,1
DA:5,1
DA:6,1
DA:7,1
DA:8,1
DA:9,1
DA:10,1
DA:11,1
DA:12,1
DA:13,1
DA:14,1
DA:15,1
DA:16,1
DA:17,1
DA:18,1
DA:19,1
DA:20,1
DA:21,1
DA:22,1
DA:23,1
DA:24,1
DA:25,1
DA:26,1
DA:27,1
DA:28,1
DA:29,1
DA:30,1
DA:31,1
DA:32,3
DA:33,3
DA:34,3
DA:35,3
DA:36,3
DA:37,1
DA:38,1
DA:39,8
DA:40,8
DA:41,8
DA:42,8
DA:43,1
DA:44,1
DA:45,7
DA:46,7
DA:47,7
DA:48,7
DA:49,7
DA:50,7
DA:51,7
DA:52,7
DA:53,7
DA:54,7
DA:55,7
DA:56,7
DA:57,7
DA:58,7
DA:59,7
DA:60,7
DA:61,7
DA:62,7
DA:63,7
DA:64,7
DA:65,7
DA:66,7
DA:67,7
DA:68,7
DA:69,7
DA:70,7
DA:71,7
DA:72,7
DA:73,7
DA:74,7
DA:75,7
DA:76,7
DA:77,7
DA:78,7
DA:79,7
DA:80,7
DA:81,7
DA:82,7
DA:83,7
DA:84,7
DA:85,7
DA:86,7
DA:87,7
DA:88,7
DA:89,7
DA:90,7
DA:91,7
DA:92,7
DA:93,7
DA:94,7
DA:95,1
DA:96,1
DA:97,3
DA:98,0
DA:99,0
DA:100,3
DA:101,3
DA:102,3
DA:103,1
DA:104,1
DA:105,2
DA:106,2
DA:107,2
DA:108,2
DA:109,2
DA:110,2
DA:111,2
DA:112,2
DA:113,2
DA:114,2
DA:115,2
DA:116,2
DA:117,2
DA:118,2
DA:119,2
DA:120,2
DA:121,2
DA:122,2
DA:123,2
DA:124,2
DA:125,2
DA:126,2
DA:127,2
DA:128,2
DA:129,1
DA:130,1
DA:131,0
DA:132,0
DA:133,0
DA:134,0
DA:135,0
DA:136,0
DA:137,1
DA:138,1
DA:139,8
DA:140,8
DA:141,8
DA:142,8
DA:143,8
DA:144,8
DA:145,8
DA:146,8
DA:147,8
DA:148,8
DA:149,8
DA:150,8
DA:151,8
DA:152,8
DA:153,8
DA:154,8
DA:155,8
DA:156,8
DA:157,8
DA:158,8
DA:159,8
DA:160,8
DA:161,8
DA:162,8
DA:163,8
DA:164,8
DA:165,1
DA:166,1
DA:167,7
DA:168,7
DA:169,1
DA:170,1
DA:171,9
DA:172,9
DA:173,9
DA:174,9
DA:175,9
DA:176,9
DA:177,9
DA:178,9
DA:179,9
DA:180,9
DA:181,9
DA:182,9
DA:183,9
DA:184,9
DA:185,9
DA:186,9
DA:187,9
DA:188,9
DA:189,9
DA:190,1
DA:191,1
DA:192,9
DA:193,9
DA:194,9
DA:195,9
DA:196,9
DA:197,9
DA:198,1
DA:199,1
DA:200,11
DA:201,11
DA:202,11
DA:203,0
DA:204,0
DA:205,11
DA:206,1
DA:207,1
DA:208,18
DA:209,0
DA:210,0
DA:211,0
DA:212,0
DA:213,0
DA:214,0
DA:215,18
DA:216,18
DA:217,18
DA:218,18
DA:219,18
DA:220,18
DA:221,18
DA:222,18
DA:223,18
DA:224,18
DA:225,18
DA:226,18
DA:227,18
DA:228,18
DA:229,18
DA:230,18
DA:231,18
DA:232,18
DA:233,18
DA:234,18
DA:235,18
DA:236,18
DA:237,18
DA:238,18
DA:239,18
DA:240,18
DA:241,1
DA:242,1
DA:243,72
DA:244,0
DA:245,0
DA:246,72
DA:247,72
DA:248,1
LF:248
LH:230
BRDA:32,0,0,0
BRDA:33,1,0,0
BRDA:34,2,0,0
BRDA:31,3,0,3
BRDA:38,4,0,8
BRDA:42,5,0,1
BRDA:45,6,0,7
BRDA:96,7,0,3
BRDA:97,8,0,0
BRDA:102,9,0,2
BRDA:102,10,0,1
BRDA:138,11,0,8
BRDA:162,12,0,18
BRDA:166,13,0,7
BRDA:170,14,0,9
BRDA:191,15,0,9
BRDA:199,16,0,11
BRDA:202,17,0,0
BRDA:207,18,0,18
BRDA:208,19,0,0
BRDA:242,20,0,72
BRDA:243,21,0,0
BRF:22
BRH:15
end_of_record
TN:
SF:src\modules\auth\dto\auth-response.dto.ts
FN:1,(empty-report)
FNF:1
FNH:0
FNDA:0,(empty-report)
DA:1,0
DA:2,0
DA:3,0
DA:4,0
DA:5,0
DA:6,0
DA:7,0
DA:8,0
DA:9,0
DA:10,0
DA:11,0
DA:12,0
DA:13,0
DA:14,0
DA:15,0
DA:16,0
DA:17,0
DA:18,0
DA:19,0
DA:20,0
DA:21,0
DA:22,0
DA:23,0
DA:24,0
DA:25,0
DA:26,0
DA:27,0
DA:28,0
DA:29,0
DA:30,0
DA:31,0
DA:32,0
LF:32
LH:0
BRDA:1,0,0,0
BRF:1
BRH:0
end_of_record
TN:
SF:src\modules\auth\dto\login-request.dto.ts
FNF:0
FNH:0
DA:1,1
DA:2,1
DA:3,1
DA:4,1
DA:5,1
DA:6,1
DA:7,1
DA:8,1
DA:9,1
DA:10,1
DA:11,1
DA:12,1
DA:13,1
DA:14,1
DA:15,1
DA:16,1
DA:17,1
DA:18,1
DA:19,1
DA:20,1
DA:21,1
DA:22,1
DA:23,1
LF:23
LH:23
BRF:0
BRH:0
end_of_record
TN:
SF:src\modules\auth\dto\logout-request.dto.ts
FNF:0
FNH:0
DA:1,1
DA:2,1
DA:3,1
DA:4,1
DA:5,1
DA:6,1
DA:7,1
DA:8,1
LF:8
LH:8
BRF:0
BRH:0
end_of_record
TN:
SF:src\modules\auth\dto\refresh-request.dto.ts
FNF:0
FNH:0
DA:1,1
DA:2,1
DA:3,1
DA:4,1
DA:5,1
DA:6,1
DA:7,1
DA:8,1
LF:8
LH:8
BRF:0
BRH:0
end_of_record
TN:
SF:src\modules\currency\currency.controller.ts
FN:17,CurrencyController
FN:20,getDaily
FN:26,getMonthly
FN:32,getBalance
FN:38,getDepositHead
FN:47,getDepositBody
FN:56,getShipmentCurrency
FNF:7
FNH:2
FNDA:1,CurrencyController
FNDA:2,getDaily
FNDA:0,getMonthly
FNDA:0,getBalance
FNDA:0,getDepositHead
FNDA:0,getDepositBody
FNDA:0,getShipmentCurrency
DA:1,1
DA:2,1
DA:3,1
DA:4,1
DA:5,1
DA:6,1
DA:7,1
DA:8,1
DA:9,1
DA:10,1
DA:11,1
DA:12,1
DA:13,1
DA:14,1
DA:15,1
DA:16,1
DA:17,1
DA:18,1
DA:19,1
DA:20,1
DA:21,2
DA:22,2
DA:23,2
DA:24,1
DA:25,1
DA:26,1
DA:27,0
DA:28,0
DA:29,0
DA:30,1
DA:31,1
DA:32,1
DA:33,0
DA:34,0
DA:35,0
DA:36,1
DA:37,1
DA:38,1
DA:39,0
DA:40,0
DA:41,0
DA:42,0
DA:43,0
DA:44,0
DA:45,1
DA:46,1
DA:47,1
DA:48,0
DA:49,0
DA:50,0
DA:51,0
DA:52,0
DA:53,0
DA:54,1
DA:55,1
DA:56,1
DA:57,0
DA:58,0
DA:59,1
LF:59
LH:39
BRDA:20,0,0,0
BRDA:20,1,0,0
BRDA:26,2,0,0
BRDA:26,3,0,0
BRDA:32,4,0,0
BRDA:41,5,0,0
BRDA:50,6,0,0
BRDA:56,7,0,0
BRDA:56,8,0,0
BRDA:17,9,0,0
BRDA:17,10,0,1
BRDA:20,11,0,2
BRF:12
BRH:2
end_of_record
TN:
SF:src\modules\currency\currency.module.ts
FNF:0
FNH:0
DA:1,1
DA:2,1
DA:3,1
DA:4,1
DA:5,1
DA:6,1
DA:7,1
DA:8,1
DA:9,1
LF:9
LH:9
BRF:0
BRH:0
end_of_record
TN:
SF:src\modules\currency\currency.service.ts
FN:10,CurrencyService
FN:12,getDaily
FN:23,getMonthly
FN:34,getBalance
FN:44,getDepositHead
FN:72,getDepositBody
FN:92,getShipmentCurrency
FNF:7
FNH:7
FNDA:13,CurrencyService
FNDA:5,getDaily
FNDA:3,getMonthly
FNDA:2,getBalance
FNDA:1,getDepositHead
FNDA:1,getDepositBody
FNDA:2,getShipmentCurrency
DA:1,1
DA:2,1
DA:3,1
DA:4,1
DA:5,1
DA:6,1
DA:7,1
DA:8,1
DA:9,1
DA:10,1
DA:11,1
DA:12,1
DA:13,5
DA:14,5
DA:15,5
DA:16,5
DA:17,5
DA:18,5
DA:19,5
DA:20,4
DA:21,4
DA:22,1
DA:23,1
DA:24,3
DA:25,3
DA:26,3
DA:27,3
DA:28,3
DA:29,3
DA:30,3
DA:31,2
DA:32,2
DA:33,1
DA:34,1
DA:35,2
DA:36,2
DA:37,2
DA:38,2
DA:39,2
DA:40,2
DA:41,1
DA:42,1
DA:43,1
DA:44,1
DA:45,1
DA:46,1
DA:47,1
DA:48,1
DA:49,1
DA:50,1
DA:51,1
DA:52,1
DA:53,1
DA:54,1
DA:55,1
DA:56,1
DA:57,1
DA:58,1
DA:59,1
DA:60,1
DA:61,1
DA:62,1
DA:63,1
DA:64,1
DA:65,1
DA:66,1
DA:67,1
DA:68,1
DA:69,1
DA:70,1
DA:71,1
DA:72,1
DA:73,1
DA:74,1
DA:75,1
DA:76,1
DA:77,1
DA:78,1
DA:79,1
DA:80,1
DA:81,1
DA:82,1
DA:83,1
DA:84,1
DA:85,1
DA:86,1
DA:87,1
DA:88,1
DA:89,1
DA:90,1
DA:91,1
DA:92,1
DA:93,2
DA:94,2
DA:95,2
DA:96,2
DA:97,2
DA:98,2
DA:99,1
DA:100,1
DA:101,1
LF:101
LH:101
BRDA:10,0,0,0
BRDA:10,1,0,13
BRDA:12,2,0,5
BRDA:20,3,0,4
BRDA:23,4,0,3
BRDA:31,5,0,2
BRDA:34,6,0,2
BRDA:41,7,0,1
BRDA:44,8,0,1
BRDA:72,9,0,1
BRDA:92,10,0,2
BRDA:99,11,0,1
BRF:12
BRH:11
end_of_record
TN:
SF:src\modules\currency\dto\currency-query.dto.ts
FNF:0
FNH:0
DA:1,1
DA:2,1
DA:3,1
DA:4,1
DA:5,1
DA:6,1
DA:7,1
DA:8,1
DA:9,1
DA:10,1
DA:11,1
DA:12,1
DA:13,1
DA:14,1
DA:15,1
DA:16,1
DA:17,1
DA:18,1
DA:19,1
DA:20,1
DA:21,1
DA:22,1
DA:23,1
DA:24,1
DA:25,1
DA:26,1
DA:27,1
DA:28,1
DA:29,1
DA:30,1
DA:31,1
DA:32,1
DA:33,1
DA:34,1
DA:35,1
DA:36,1
DA:37,1
DA:38,1
DA:39,1
LF:39
LH:39
BRF:0
BRH:0
end_of_record
TN:
SF:src\modules\currency\dto\currency-response.dto.ts
FNF:0
FNH:0
DA:1,1
DA:2,1
DA:3,1
DA:4,1
DA:5,1
DA:6,1
DA:7,1
DA:8,1
DA:9,1
DA:10,1
DA:11,1
DA:12,1
DA:13,1
DA:14,1
DA:15,1
DA:16,1
DA:17,1
DA:18,1
LF:18
LH:18
BRF:0
BRH:0
end_of_record
TN:
SF:src\modules\driver-location\driver-location.controller.ts
FN:7,DriverLocationController
FN:10,submitLocation
FN:15,submitLocationsBatch
FNF:3
FNH:3
FNDA:1,DriverLocationController
FNDA:1,submitLocation
FNDA:1,submitLocationsBatch
DA:1,1
DA:2,1
DA:3,1
DA:4,1
DA:5,1
DA:6,1
DA:7,1
DA:8,1
DA:9,1
DA:10,1
DA:11,1
DA:12,1
DA:13,1
DA:14,1
DA:15,1
DA:16,1
DA:17,1
DA:18,1
DA:19,1
DA:20,1
DA:21,1
DA:22,1
DA:23,1
DA:24,1
DA:25,1
DA:26,1
DA:27,1
LF:27
LH:27
BRDA:10,0,0,0
BRDA:10,1,0,0
BRDA:24,2,0,0
BRDA:7,3,0,0
BRDA:7,4,0,1
BRDA:10,5,0,1
BRDA:15,6,0,1
BRF:7
BRH:3
end_of_record
TN:
SF:src\modules\driver-location\driver-location.module.ts
FNF:0
FNH:0
DA:1,1
DA:2,1
DA:3,1
DA:4,1
DA:5,1
DA:6,1
DA:7,1
DA:8,1
DA:9,1
LF:9
LH:9
BRF:0
BRH:0
end_of_record
TN:
SF:src\modules\driver-location\driver-location.service.ts
FN:26,DriverLocationService
FN:37,onModuleInit
FN:48,onModuleDestroy
FN:58,submitLocation
FN:63,submitLocationsBatch
FN:81,flushPendingLocations
FN:92,toPayload
FN:101,saveSingleToRedis
FN:113,saveBatchToRedis
FN:134,flushTrackingNo
FN:162,listKey
FNF:11
FNH:8
FNDA:3,DriverLocationService
FNDA:1,onModuleInit
FNDA:1,onModuleDestroy
FNDA:2,submitLocation
FNDA:2,submitLocationsBatch
FNDA:0,flushPendingLocations
FNDA:2,toPayload
FNDA:2,saveSingleToRedis
FNDA:0,saveBatchToRedis
FNDA:0,flushTrackingNo
FNDA:2,listKey
DA:1,1
DA:2,1
DA:3,1
DA:4,1
DA:5,1
DA:6,1
DA:7,1
DA:8,1
DA:9,1
DA:10,1
DA:11,1
DA:12,1
DA:13,1
DA:14,1
DA:15,1
DA:16,1
DA:17,1
DA:18,1
DA:19,1
DA:20,1
DA:21,1
DA:22,1
DA:23,1
DA:24,1
DA:25,1
DA:26,1
DA:27,3
DA:28,3
DA:29,3
DA:30,3
DA:31,3
DA:32,3
DA:33,0
DA:34,3
DA:35,3
DA:36,1
DA:37,1
DA:38,1
DA:39,1
DA:40,1
DA:41,1
DA:42,1
DA:43,1
DA:44,0
DA:45,1
DA:46,1
DA:47,1
DA:48,1
DA:49,1
DA:50,1
DA:51,1
DA:52,1
DA:53,1
DA:54,1
DA:55,1
DA:56,1
DA:57,1
DA:58,1
DA:59,2
DA:60,2
DA:61,2
DA:62,1
DA:63,1
DA:64,2
DA:65,2
DA:66,2
DA:67,2
DA:68,2
DA:69,2
DA:70,0
DA:71,0
DA:72,0
DA:73,0
DA:74,0
DA:75,0
DA:76,0
DA:77,0
DA:78,0
DA:79,0
DA:80,1
DA:81,1
DA:82,0
DA:83,0
DA:84,0
DA:85,0
DA:86,0
DA:87,0
DA:88,0
DA:89,0
DA:90,0
DA:91,1
DA:92,1
DA:93,2
DA:94,2
DA:95,2
DA:96,2
DA:97,2
DA:98,2
DA:99,2
DA:100,1
DA:101,1
DA:102,2
DA:103,2
DA:104,2
DA:105,2
DA:106,2
DA:107,2
DA:108,0
DA:109,0
DA:110,0
DA:111,2
DA:112,1
DA:113,1
DA:114,0
DA:115,0
DA:116,0
DA:117,0
DA:118,0
DA:119,0
DA:120,0
DA:121,0
DA:122,0
DA:123,0
DA:124,0
DA:125,0
DA:126,0
DA:127,0
DA:128,0
DA:129,0
DA:130,0
DA:131,0
DA:132,0
DA:133,1
DA:134,1
DA:135,0
DA:136,0
DA:137,0
DA:138,0
DA:139,0
DA:140,0
DA:141,0
DA:142,0
DA:143,0
DA:144,0
DA:145,0
DA:146,0
DA:147,0
DA:148,0
DA:149,0
DA:150,0
DA:151,0
DA:152,0
DA:153,0
DA:154,0
DA:155,0
DA:156,0
DA:157,0
DA:158,0
DA:159,0
DA:160,0
DA:161,1
DA:162,1
DA:163,2
DA:164,2
DA:165,1
LF:165
LH:96
BRDA:27,0,0,0
BRDA:26,1,0,3
BRDA:37,2,0,1
BRDA:48,3,0,1
BRDA:58,4,0,2
BRDA:63,5,0,2
BRDA:70,6,0,0
BRDA:92,7,0,2
BRDA:97,8,0,1
BRDA:101,9,0,2
BRDA:107,10,0,0
BRDA:162,11,0,2
BRF:12
BRH:9
end_of_record
TN:
SF:src\modules\driver-location\dto\driver-location.dto.ts
FNF:0
FNH:0
DA:1,1
DA:2,1
DA:3,1
DA:4,1
DA:5,1
DA:6,1
DA:7,1
DA:8,1
DA:9,1
DA:10,1
DA:11,1
DA:12,1
DA:13,1
DA:14,1
DA:15,1
DA:16,1
DA:17,1
DA:18,1
DA:19,1
DA:20,1
DA:21,1
DA:22,1
DA:23,1
DA:24,1
DA:25,1
DA:26,1
LF:26
LH:26
BRF:0
BRH:0
end_of_record
TN:
SF:src\modules\health\health.controller.ts
FN:9,getHealth
FNF:1
FNH:1
FNDA:1,getHealth
DA:1,1
DA:2,1
DA:3,1
DA:4,1
DA:5,1
DA:6,1
DA:7,1
DA:8,1
DA:9,1
DA:10,1
DA:11,1
DA:12,1
DA:13,1
DA:14,1
DA:15,1
DA:16,1
LF:16
LH:16
BRDA:9,0,0,1
BRF:1
BRH:1
end_of_record
TN:
SF:src\modules\health\health.module.ts
FNF:0
FNH:0
DA:1,1
DA:2,1
DA:3,1
DA:4,1
DA:5,1
DA:6,1
DA:7,1
LF:7
LH:7
BRF:0
BRH:0
end_of_record
TN:
SF:src\modules\notification\notification.controller.ts
FN:12,NotificationController
FN:16,registerPushToken
FN:26,unregisterPushToken
FNF:3
FNH:3
FNDA:1,NotificationController
FNDA:1,registerPushToken
FNDA:1,unregisterPushToken
DA:1,1
DA:2,1
DA:3,1
DA:4,1
DA:5,1
DA:6,1
DA:7,1
DA:8,1
DA:9,1
DA:10,1
DA:11,1
DA:12,1
DA:13,1
DA:14,1
DA:15,1
DA:16,1
DA:17,1
DA:18,1
DA:19,1
DA:20,1
DA:21,1
DA:22,1
DA:23,1
DA:24,1
DA:25,1
DA:26,1
DA:27,1
DA:28,1
DA:29,1
DA:30,1
DA:31,1
DA:32,1
DA:33,1
LF:33
LH:33
BRDA:19,0,0,0
BRDA:29,1,0,0
BRDA:12,2,0,0
BRDA:12,3,0,1
BRDA:16,4,0,1
BRDA:26,5,0,1
BRF:6
BRH:3
end_of_record
TN:
SF:src\modules\notification\notification.module.ts
FNF:0
FNH:0
DA:1,1
DA:2,1
DA:3,1
DA:4,1
DA:5,1
DA:6,1
DA:7,1
DA:8,1
DA:9,1
LF:9
LH:9
BRF:0
BRH:0
end_of_record
TN:
SF:src\modules\notification\notification.service.ts
FN:13,NotificationService
FN:15,registerPushToken
FN:37,unregisterPushToken
FNF:3
FNH:3
FNDA:3,NotificationService
FNDA:2,registerPushToken
FNDA:2,unregisterPushToken
DA:1,1
DA:2,1
DA:3,1
DA:4,1
DA:5,1
DA:6,1
DA:7,1
DA:8,1
DA:9,1
DA:10,1
DA:11,1
DA:12,1
DA:13,1
DA:14,1
DA:15,1
DA:16,2
DA:17,2
DA:18,2
DA:19,2
DA:20,2
DA:21,2
DA:22,2
DA:23,2
DA:24,2
DA:25,2
DA:26,2
DA:27,2
DA:28,2
DA:29,2
DA:30,2
DA:31,2
DA:32,2
DA:33,2
DA:34,2
DA:35,2
DA:36,1
DA:37,1
DA:38,2
DA:39,2
DA:40,2
DA:41,2
DA:42,2
DA:43,2
DA:44,2
DA:45,2
DA:46,2
DA:47,2
DA:48,2
DA:49,2
DA:50,2
DA:51,2
DA:52,1
LF:52
LH:52
BRDA:13,0,0,0
BRDA:13,1,0,3
BRDA:15,2,0,2
BRDA:19,3,0,0
BRDA:24,4,0,0
BRDA:37,5,0,2
BRF:6
BRH:3
end_of_record
TN:
SF:src\modules\notification\dto\register-push-token.dto.ts
FNF:0
FNH:0
DA:1,1
DA:2,1
DA:3,1
DA:4,1
DA:5,1
DA:6,1
DA:7,1
DA:8,1
DA:9,1
DA:10,1
DA:11,1
DA:12,1
DA:13,1
DA:14,1
DA:15,1
DA:16,1
DA:17,1
DA:18,1
DA:19,1
DA:20,1
DA:21,1
DA:22,1
LF:22
LH:22
BRF:0
BRH:0
end_of_record
TN:
SF:src\modules\notification\dto\unregister-push-token.dto.ts
FNF:0
FNH:0
DA:1,1
DA:2,1
DA:3,1
DA:4,1
DA:5,1
DA:6,1
DA:7,1
DA:8,1
LF:8
LH:8
BRF:0
BRH:0
end_of_record
TN:
SF:src\modules\orders\orders.controller.ts
FN:8,OrdersController
FN:12,acceptOrder
FNF:2
FNH:2
FNDA:1,OrdersController
FNDA:1,acceptOrder
DA:1,1
DA:2,1
DA:3,1
DA:4,1
DA:5,1
DA:6,1
DA:7,1
DA:8,1
DA:9,1
DA:10,1
DA:11,1
DA:12,1
DA:13,1
DA:14,1
DA:15,1
DA:16,1
DA:17,1
DA:18,1
DA:19,1
DA:20,1
LF:20
LH:20
BRDA:16,0,0,0
BRDA:8,1,0,0
BRDA:8,2,0,1
BRDA:12,3,0,1
BRF:4
BRH:2
end_of_record
TN:
SF:src\modules\orders\orders.module.ts
FNF:0
FNH:0
DA:1,1
DA:2,1
DA:3,1
DA:4,1
DA:5,1
DA:6,1
DA:7,1
DA:8,1
DA:9,1
LF:9
LH:9
BRF:0
BRH:0
end_of_record
TN:
SF:src\modules\orders\orders.service.ts
FN:18,OrdersService
FN:23,acceptOrder
FNF:2
FNH:2
FNDA:5,OrdersService
FNDA:5,acceptOrder
DA:1,1
DA:2,1
DA:3,1
DA:4,1
DA:5,1
DA:6,1
DA:7,1
DA:8,1
DA:9,1
DA:10,1
DA:11,1
DA:12,1
DA:13,1
DA:14,1
DA:15,1
DA:16,1
DA:17,1
DA:18,1
DA:19,5
DA:20,5
DA:21,5
DA:22,1
DA:23,1
DA:24,5
DA:25,5
DA:26,5
DA:27,5
DA:28,5
DA:29,2
DA:30,2
DA:31,3
DA:32,3
DA:33,3
DA:34,3
DA:35,3
DA:36,3
DA:37,3
DA:38,3
DA:39,3
DA:40,3
DA:41,3
DA:42,3
DA:43,3
DA:44,3
DA:45,3
DA:46,3
DA:47,3
DA:48,3
DA:49,4
DA:50,1
DA:51,1
DA:52,1
DA:53,1
DA:54,1
DA:55,2
DA:56,2
DA:57,2
DA:58,1
DA:59,1
DA:60,1
DA:61,1
DA:62,1
DA:63,1
DA:64,1
DA:65,1
DA:66,1
DA:67,1
DA:68,1
DA:69,0
DA:70,0
DA:71,5
DA:72,1
LF:72
LH:70
BRDA:19,0,0,0
BRDA:18,1,0,5
BRDA:23,2,0,5
BRDA:28,3,0,2
BRDA:31,4,0,4
BRDA:31,5,0,3
BRDA:49,6,0,1
BRDA:55,7,0,2
BRDA:58,8,0,1
BRDA:69,9,0,0
BRF:10
BRH:8
end_of_record
TN:
SF:src\modules\proxy\proxy.controller.ts
FN:10,ProxyController
FN:13,getMates
FN:18,searchKpi
FN:23,getKpi
FN:28,getKpiDaily
FNF:5
FNH:3
FNDA:1,ProxyController
FNDA:1,getMates
FNDA:0,searchKpi
FNDA:1,getKpi
FNDA:0,getKpiDaily
DA:1,1
DA:2,1
DA:3,1
DA:4,1
DA:5,1
DA:6,1
DA:7,1
DA:8,1
DA:9,1
DA:10,1
DA:11,1
DA:12,1
DA:13,1
DA:14,1
DA:15,1
DA:16,1
DA:17,1
DA:18,1
DA:19,0
DA:20,0
DA:21,1
DA:22,1
DA:23,1
DA:24,1
DA:25,1
DA:26,1
DA:27,1
DA:28,1
DA:29,0
DA:30,0
DA:31,1
LF:31
LH:27
BRDA:13,0,0,0
BRDA:13,1,0,0
BRDA:18,2,0,0
BRDA:18,3,0,0
BRDA:23,4,0,0
BRDA:23,5,0,0
BRDA:28,6,0,0
BRDA:28,7,0,0
BRDA:10,8,0,0
BRDA:10,9,0,1
BRDA:13,10,0,1
BRDA:23,11,0,1
BRF:12
BRH:3
end_of_record
TN:
SF:src\modules\proxy\proxy.module.ts
FNF:0
FNH:0
DA:1,1
DA:2,1
DA:3,1
DA:4,1
DA:5,1
DA:6,1
DA:7,1
DA:8,1
DA:9,1
LF:9
LH:9
BRF:0
BRH:0
end_of_record
TN:
SF:src\modules\proxy\proxy.service.ts
FN:13,ProxyService
FN:15,getMates
FN:23,searchKpi
FN:33,getKpi
FN:43,getKpiDaily
FNF:5
FNH:4
FNDA:4,ProxyService
FNDA:2,getMates
FNDA:1,searchKpi
FNDA:2,getKpi
FNDA:0,getKpiDaily
DA:1,1
DA:2,1
DA:3,1
DA:4,1
DA:5,1
DA:6,1
DA:7,1
DA:8,1
DA:9,1
DA:10,1
DA:11,1
DA:12,1
DA:13,1
DA:14,1
DA:15,1
DA:16,2
DA:17,2
DA:18,2
DA:19,2
DA:20,2
DA:21,2
DA:22,1
DA:23,1
DA:24,1
DA:25,1
DA:26,1
DA:27,1
DA:28,1
DA:29,1
DA:30,1
DA:31,1
DA:32,1
DA:33,1
DA:34,2
DA:35,2
DA:36,2
DA:37,2
DA:38,2
DA:39,2
DA:40,2
DA:41,2
DA:42,1
DA:43,1
DA:44,0
DA:45,0
DA:46,0
DA:47,0
DA:48,0
DA:49,0
DA:50,0
DA:51,1
LF:51
LH:44
BRDA:13,0,0,0
BRDA:13,1,0,4
BRDA:15,2,0,2
BRDA:23,3,0,1
BRDA:33,4,0,2
BRF:5
BRH:4
end_of_record
TN:
SF:src\modules\proxy\dto\proxy-query.dto.ts
FNF:0
FNH:0
DA:1,1
DA:2,1
DA:3,1
DA:4,1
DA:5,1
DA:6,1
DA:7,1
DA:8,1
DA:9,1
DA:10,1
DA:11,1
DA:12,1
DA:13,1
DA:14,1
DA:15,1
DA:16,1
DA:17,1
DA:18,1
DA:19,1
DA:20,1
DA:21,1
DA:22,1
DA:23,1
DA:24,1
DA:25,1
DA:26,1
DA:27,1
DA:28,1
DA:29,1
DA:30,1
LF:30
LH:30
BRF:0
BRH:0
end_of_record
TN:
SF:src\modules\proxy\dto\proxy-response.dto.ts
FNF:0
FNH:0
DA:1,1
DA:2,1
DA:3,1
DA:4,1
DA:5,1
DA:6,1
DA:7,1
DA:8,1
DA:9,1
DA:10,1
DA:11,1
DA:12,1
DA:13,1
DA:14,1
DA:15,1
DA:16,1
DA:17,1
DA:18,1
DA:19,1
DA:20,1
DA:21,1
DA:22,1
DA:23,1
DA:24,1
DA:25,1
DA:26,1
DA:27,1
DA:28,1
LF:28
LH:28
BRF:0
BRH:0
end_of_record
TN:
SF:src\modules\reservation\reservation.controller.ts
FN:16,ReservationController
FN:19,listReservations
FN:29,getZipAreas
FN:34,getAvailable
FN:43,getAvailableBulk
FN:52,getAreaCodes
FN:58,getArrived
FN:65,createReservation
FN:76,deleteReservation
FNF:9
FNH:5
FNDA:1,ReservationController
FNDA:2,listReservations
FNDA:1,getZipAreas
FNDA:1,getAvailable
FNDA:0,getAvailableBulk
FNDA:0,getAreaCodes
FNDA:0,getArrived
FNDA:1,createReservation
FNDA:0,deleteReservation
DA:1,1
DA:2,1
DA:3,1
DA:4,1
DA:5,1
DA:6,1
DA:7,1
DA:8,1
DA:9,1
DA:10,1
DA:11,1
DA:12,1
DA:13,1
DA:14,1
DA:15,1
DA:16,1
DA:17,1
DA:18,1
DA:19,1
DA:20,2
DA:21,2
DA:22,2
DA:23,2
DA:24,2
DA:25,2
DA:26,2
DA:27,1
DA:28,1
DA:29,1
DA:30,1
DA:31,1
DA:32,1
DA:33,1
DA:34,1
DA:35,1
DA:36,1
DA:37,1
DA:38,1
DA:39,1
DA:40,1
DA:41,1
DA:42,1
DA:43,1
DA:44,0
DA:45,0
DA:46,0
DA:47,0
DA:48,0
DA:49,0
DA:50,1
DA:51,1
DA:52,1
DA:53,0
DA:54,0
DA:55,0
DA:56,1
DA:57,1
DA:58,1
DA:59,0
DA:60,0
DA:61,0
DA:62,1
DA:63,1
DA:64,1
DA:65,1
DA:66,1
DA:67,1
DA:68,1
DA:69,1
DA:70,1
DA:71,1
DA:72,1
DA:73,1
DA:74,1
DA:75,1
DA:76,1
DA:77,0
DA:78,0
DA:79,0
DA:80,0
DA:81,0
DA:82,0
DA:83,0
DA:84,0
DA:85,1
LF:85
LH:65
BRDA:22,0,0,0
BRDA:29,1,0,0
BRDA:37,2,0,0
BRDA:46,3,0,0
BRDA:52,4,0,0
BRDA:58,5,0,0
BRDA:67,6,0,0
BRDA:69,7,0,0
BRDA:78,8,0,0
BRDA:80,9,0,0
BRDA:16,10,0,0
BRDA:16,11,0,1
BRDA:19,12,0,2
BRDA:24,13,0,0
BRDA:29,14,0,1
BRDA:34,15,0,1
BRDA:65,16,0,1
BRDA:71,17,0,0
BRF:18
BRH:5
end_of_record
TN:
SF:src\modules\reservation\reservation.module.ts
FNF:0
FNH:0
DA:1,1
DA:2,1
DA:3,1
DA:4,1
DA:5,1
DA:6,1
DA:7,1
DA:8,1
DA:9,1
LF:9
LH:9
BRF:0
BRH:0
end_of_record
TN:
SF:src\modules\reservation\reservation.service.ts
FN:20,ReservationService
FN:22,listReservations
FN:35,createReservation
FN:67,deleteReservation
FN:89,getZipAreas
FN:96,getAvailable
FN:109,getAvailableBulk
FN:126,getAreaCodes
FN:138,getArrived
FNF:9
FNH:6
FNDA:6,ReservationService
FNDA:4,listReservations
FNDA:2,createReservation
FNDA:1,deleteReservation
FNDA:2,getZipAreas
FNDA:2,getAvailable
FNDA:0,getAvailableBulk
FNDA:0,getAreaCodes
FNDA:0,getArrived
DA:1,1
DA:2,1
DA:3,1
DA:4,1
DA:5,1
DA:6,1
DA:7,1
DA:8,1
DA:9,1
DA:10,1
DA:11,1
DA:12,1
DA:13,1
DA:14,1
DA:15,1
DA:16,1
DA:17,1
DA:18,1
DA:19,1
DA:20,1
DA:21,1
DA:22,1
DA:23,4
DA:24,4
DA:25,4
DA:26,4
DA:27,4
DA:28,4
DA:29,4
DA:30,4
DA:31,4
DA:32,4
DA:33,4
DA:34,1
DA:35,1
DA:36,2
DA:37,2
DA:38,2
DA:39,2
DA:40,2
DA:41,2
DA:42,2
DA:43,2
DA:44,2
DA:45,2
DA:46,2
DA:47,2
DA:48,2
DA:49,2
DA:50,2
DA:51,2
DA:52,2
DA:53,2
DA:54,2
DA:55,2
DA:56,2
DA:57,2
DA:58,2
DA:59,2
DA:60,2
DA:61,2
DA:62,2
DA:63,2
DA:64,2
DA:65,2
DA:66,1
DA:67,1
DA:68,1
DA:69,1
DA:70,1
DA:71,1
DA:72,1
DA:73,1
DA:74,1
DA:75,1
DA:76,1
DA:77,1
DA:78,1
DA:79,1
DA:80,1
DA:81,1
DA:82,1
DA:83,1
DA:84,1
DA:85,1
DA:86,0
DA:87,0
DA:88,1
DA:89,1
DA:90,2
DA:91,2
DA:92,2
DA:93,2
DA:94,2
DA:95,1
DA:96,1
DA:97,2
DA:98,2
DA:99,2
DA:100,2
DA:101,2
DA:102,2
DA:103,2
DA:104,2
DA:105,2
DA:106,2
DA:107,2
DA:108,1
DA:109,1
DA:110,0
DA:111,0
DA:112,0
DA:113,0
DA:114,0
DA:115,0
DA:116,0
DA:117,0
DA:118,0
DA:119,0
DA:120,0
DA:121,0
DA:122,0
DA:123,0
DA:124,0
DA:125,1
DA:126,1
DA:127,0
DA:128,0
DA:129,0
DA:130,0
DA:131,0
DA:132,0
DA:133,0
DA:134,0
DA:135,0
DA:136,0
DA:137,1
DA:138,1
DA:139,0
DA:140,0
DA:141,0
DA:142,0
DA:143,0
DA:144,0
DA:145,0
DA:146,0
DA:147,0
DA:148,0
DA:149,1
LF:149
LH:112
BRDA:20,0,0,0
BRDA:20,1,0,6
BRDA:22,2,0,4
BRDA:35,3,0,2
BRDA:50,4,0,2
BRDA:67,5,0,1
BRDA:86,6,0,0
BRDA:89,7,0,2
BRDA:96,8,0,2
BRF:9
BRH:7
end_of_record
TN:
SF:src\modules\reservation\dto\create-reservation.dto.ts
FNF:0
FNH:0
DA:1,1
DA:2,1
DA:3,1
DA:4,1
DA:5,1
DA:6,1
DA:7,1
DA:8,1
DA:9,1
DA:10,1
DA:11,1
DA:12,1
DA:13,1
DA:14,1
DA:15,1
DA:16,1
DA:17,1
DA:18,1
DA:19,1
DA:20,1
DA:21,1
DA:22,1
DA:23,1
DA:24,1
DA:25,1
DA:26,1
DA:27,1
DA:28,1
DA:29,1
DA:30,1
DA:31,1
DA:32,1
DA:33,1
DA:34,1
DA:35,1
DA:36,1
DA:37,1
DA:38,1
LF:38
LH:38
BRF:0
BRH:0
end_of_record
TN:
SF:src\modules\reservation\dto\reservation-param.dto.ts
FNF:0
FNH:0
DA:1,1
DA:2,1
DA:3,1
DA:4,1
DA:5,1
DA:6,1
DA:7,1
DA:8,1
LF:8
LH:8
BRF:0
BRH:0
end_of_record
TN:
SF:src\modules\reservation\dto\reservation-query.dto.ts
FNF:0
FNH:0
DA:1,1
DA:2,1
DA:3,1
DA:4,1
DA:5,1
DA:6,1
DA:7,1
DA:8,1
DA:9,1
DA:10,1
DA:11,1
DA:12,1
DA:13,1
DA:14,1
LF:14
LH:14
BRF:0
BRH:0
end_of_record
TN:
SF:src\modules\reservation\dto\reservation-response.dto.ts
FN:1,(empty-report)
FNF:1
FNH:0
FNDA:0,(empty-report)
DA:1,0
DA:2,0
DA:3,0
DA:4,0
DA:5,0
DA:6,0
DA:7,0
LF:7
LH:0
BRDA:1,0,0,0
BRF:1
BRH:0
end_of_record
TN:
SF:src\modules\reservation\dto\reservation-support-query.dto.ts
FNF:0
FNH:0
DA:1,1
DA:2,1
DA:3,1
DA:4,1
DA:5,1
DA:6,1
DA:7,1
DA:8,1
LF:8
LH:8
BRF:0
BRH:0
end_of_record
TN:
SF:src\modules\reservation\dto\reservation-support-response.dto.ts
FNF:0
FNH:0
DA:1,1
DA:2,1
DA:3,1
DA:4,1
DA:5,1
DA:6,1
DA:7,1
DA:8,1
DA:9,1
DA:10,1
DA:11,1
DA:12,1
DA:13,1
DA:14,1
DA:15,1
DA:16,1
DA:17,1
DA:18,1
LF:18
LH:18
BRF:0
BRH:0
end_of_record
TN:
SF:src\modules\shipment\shipment.controller.ts
FN:13,ShipmentController
FN:16,getShipment
FN:22,submitDelivery
FN:34,submitException
FNF:4
FNH:3
FNDA:1,ShipmentController
FNDA:3,getShipment
FNDA:1,submitDelivery
FNDA:0,submitException
DA:1,1
DA:2,1
DA:3,1
DA:4,1
DA:5,1
DA:6,1
DA:7,1
DA:8,1
DA:9,1
DA:10,1
DA:11,1
DA:12,1
DA:13,1
DA:14,1
DA:15,1
DA:16,1
DA:17,3
DA:18,3
DA:19,1
DA:20,1
DA:21,1
DA:22,1
DA:23,1
DA:24,1
DA:25,1
DA:26,1
DA:27,1
DA:28,1
DA:29,1
DA:30,1
DA:31,1
DA:32,1
DA:33,1
DA:34,1
DA:35,0
DA:36,0
DA:37,0
DA:38,0
DA:39,0
DA:40,0
DA:41,0
DA:42,0
DA:43,1
LF:43
LH:35
BRDA:16,0,0,0
BRDA:25,1,0,0
BRDA:27,2,0,0
BRDA:37,3,0,0
BRDA:39,4,0,0
BRDA:13,5,0,0
BRDA:13,6,0,1
BRDA:16,7,0,3
BRDA:22,8,0,1
BRF:9
BRH:3
end_of_record
TN:
SF:src\modules\shipment\shipment.module.ts
FNF:0
FNH:0
DA:1,1
DA:2,1
DA:3,1
DA:4,1
DA:5,1
DA:6,1
DA:7,1
DA:8,1
DA:9,1
LF:9
LH:9
BRF:0
BRH:0
end_of_record
TN:
SF:src\modules\shipment\shipment.service.ts
FN:19,ShipmentService
FN:24,getShipment
FN:34,submitDelivery
FN:79,submitException
FNF:4
FNH:4
FNDA:6,ShipmentService
FNDA:5,getShipment
FNDA:4,submitDelivery
FNDA:1,submitException
DA:1,1
DA:2,1
DA:3,1
DA:4,1
DA:5,1
DA:6,1
DA:7,1
DA:8,1
DA:9,1
DA:10,1
DA:11,1
DA:12,1
DA:13,1
DA:14,1
DA:15,1
DA:16,1
DA:17,1
DA:18,1
DA:19,1
DA:20,6
DA:21,6
DA:22,6
DA:23,1
DA:24,1
DA:25,5
DA:26,5
DA:27,5
DA:28,5
DA:29,5
DA:30,5
DA:31,4
DA:32,4
DA:33,1
DA:34,1
DA:35,4
DA:36,4
DA:37,4
DA:38,4
DA:39,4
DA:40,4
DA:41,4
DA:42,4
DA:43,4
DA:44,4
DA:45,4
DA:46,4
DA:47,4
DA:48,4
DA:49,4
DA:50,4
DA:51,4
DA:52,2
DA:53,2
DA:54,2
DA:55,2
DA:56,2
DA:57,2
DA:58,1
DA:59,1
DA:60,2
DA:61,2
DA:62,2
DA:63,1
DA:64,1
DA:65,1
DA:66,1
DA:67,1
DA:68,2
DA:69,2
DA:70,2
DA:71,2
DA:72,2
DA:73,2
DA:74,2
DA:75,2
DA:76,2
DA:77,2
DA:78,1
DA:79,1
DA:80,1
DA:81,1
DA:82,1
DA:83,1
DA:84,1
DA:85,1
DA:86,1
DA:87,1
DA:88,1
DA:89,1
DA:90,1
DA:91,1
DA:92,1
DA:93,1
DA:94,1
DA:95,1
DA:96,1
DA:97,0
DA:98,0
DA:99,0
DA:100,0
DA:101,0
DA:102,0
DA:103,0
DA:104,0
DA:105,0
DA:106,0
DA:107,0
DA:108,0
DA:109,0
DA:110,0
DA:111,0
DA:112,0
DA:113,0
DA:114,0
DA:115,0
DA:116,1
LF:116
LH:97
BRDA:20,0,0,0
BRDA:19,1,0,6
BRDA:24,2,0,5
BRDA:31,3,0,4
BRDA:34,4,0,4
BRDA:51,5,0,2
BRDA:57,6,0,1
BRDA:62,7,0,1
BRDA:79,8,0,1
BRDA:96,9,0,0
BRF:10
BRH:8
end_of_record
TN:
SF:src\modules\shipment\dto\delivery-request.dto.ts
FNF:0
FNH:0
DA:1,1
DA:2,1
DA:3,1
DA:4,1
DA:5,1
DA:6,1
DA:7,1
DA:8,1
DA:9,1
DA:10,1
DA:11,1
DA:12,1
DA:13,1
DA:14,1
DA:15,1
DA:16,1
DA:17,1
DA:18,1
DA:19,1
DA:20,1
DA:21,1
DA:22,1
DA:23,1
DA:24,1
DA:25,1
DA:26,1
DA:27,1
DA:28,1
DA:29,1
LF:29
LH:29
BRF:0
BRH:0
end_of_record
TN:
SF:src\modules\shipment\dto\exception-request.dto.ts
FNF:0
FNH:0
DA:1,1
DA:2,1
DA:3,1
DA:4,1
DA:5,1
DA:6,1
DA:7,1
DA:8,1
DA:9,1
DA:10,1
DA:11,1
DA:12,1
DA:13,1
DA:14,1
DA:15,1
DA:16,1
DA:17,1
DA:18,1
DA:19,1
DA:20,1
DA:21,1
DA:22,1
DA:23,1
DA:24,1
DA:25,1
DA:26,1
DA:27,1
DA:28,1
DA:29,1
DA:30,1
DA:31,1
DA:32,1
DA:33,1
DA:34,1
DA:35,1
LF:35
LH:35
BRF:0
BRH:0
end_of_record
TN:
SF:src\modules\shipment\dto\shipment-response.dto.ts
FN:1,(empty-report)
FNF:1
FNH:0
FNDA:0,(empty-report)
DA:1,0
DA:2,0
DA:3,0
DA:4,0
DA:5,0
DA:6,0
DA:7,0
DA:8,0
DA:9,0
DA:10,0
DA:11,0
DA:12,0
DA:13,0
DA:14,0
LF:14
LH:0
BRDA:1,0,0,0
BRF:1
BRH:0
end_of_record
TN:
SF:src\modules\system\system.controller.ts
FN:11,SystemController
FN:15,getVersion
FNF:2
FNH:2
FNDA:1,SystemController
FNDA:2,getVersion
DA:1,1
DA:2,1
DA:3,1
DA:4,1
DA:5,1
DA:6,1
DA:7,1
DA:8,1
DA:9,1
DA:10,1
DA:11,1
DA:12,1
DA:13,1
DA:14,1
DA:15,1
DA:16,2
DA:17,2
DA:18,1
LF:18
LH:18
BRDA:15,0,0,0
BRDA:15,1,0,0
BRDA:11,2,0,0
BRDA:11,3,0,1
BRDA:15,4,0,2
BRF:5
BRH:2
end_of_record
TN:
SF:src\modules\system\system.module.ts
FNF:0
FNH:0
DA:1,1
DA:2,1
DA:3,1
DA:4,1
DA:5,1
DA:6,1
DA:7,1
DA:8,1
DA:9,1
LF:9
LH:9
BRF:0
BRH:0
end_of_record
TN:
SF:src\modules\system\system.service.ts
FN:13,SystemService
FN:15,getVersion
FNF:2
FNH:2
FNDA:3,SystemService
FNDA:4,getVersion
DA:1,1
DA:2,1
DA:3,1
DA:4,1
DA:5,1
DA:6,1
DA:7,1
DA:8,1
DA:9,1
DA:10,1
DA:11,1
DA:12,1
DA:13,1
DA:14,1
DA:15,1
DA:16,4
DA:17,4
DA:18,4
DA:19,4
DA:20,4
DA:21,4
DA:22,4
DA:23,4
DA:24,1
LF:24
LH:24
BRDA:13,0,0,0
BRDA:13,1,0,3
BRDA:15,2,0,4
BRF:3
BRH:2
end_of_record
TN:
SF:src\modules\system\dto\system-version-query.dto.ts
FNF:0
FNH:0
DA:1,1
DA:2,1
DA:3,1
DA:4,1
DA:5,1
DA:6,1
DA:7,1
DA:8,1
LF:8
LH:8
BRF:0
BRH:0
end_of_record
TN:
SF:src\modules\system\dto\system-version-response.dto.ts
FNF:0
FNH:0
DA:1,1
DA:2,1
DA:3,1
DA:4,1
LF:4
LH:4
BRF:0
BRH:0
end_of_record
TN:
SF:src\modules\webview\webview.controller.ts
FN:11,WebviewController
FN:14,getWebviewBootstrap
FN:23,getCurrentBulletin
FNF:3
FNH:3
FNDA:1,WebviewController
FNDA:1,getWebviewBootstrap
FNDA:3,getCurrentBulletin
DA:1,1
DA:2,1
DA:3,1
DA:4,1
DA:5,1
DA:6,1
DA:7,1
DA:8,1
DA:9,1
DA:10,1
DA:11,1
DA:12,1
DA:13,1
DA:14,1
DA:15,1
DA:16,1
DA:17,0
DA:18,0
DA:19,1
DA:20,1
DA:21,1
DA:22,1
DA:23,1
DA:24,3
DA:25,3
DA:26,0
DA:27,0
DA:28,3
DA:29,3
DA:30,1
LF:30
LH:26
BRDA:14,0,0,0
BRDA:23,1,0,0
BRDA:11,2,0,0
BRDA:11,3,0,1
BRDA:14,4,0,1
BRDA:16,5,0,0
BRDA:23,6,0,3
BRDA:25,7,0,0
BRF:8
BRH:3
end_of_record
TN:
SF:src\modules\webview\webview.module.ts
FNF:0
FNH:0
DA:1,1
DA:2,1
DA:3,1
DA:4,1
DA:5,1
DA:6,1
DA:7,1
DA:8,1
DA:9,1
DA:10,1
DA:11,1
LF:11
LH:11
BRF:0
BRH:0
end_of_record
TN:
SF:src\modules\webview\webview.service.ts
FN:19,WebviewService
FN:24,getBootstrap
FN:28,getCurrentBulletin
FNF:3
FNH:3
FNDA:3,WebviewService
FNDA:1,getBootstrap
FNDA:5,getCurrentBulletin
DA:1,1
DA:2,1
DA:3,1
DA:4,1
DA:5,1
DA:6,1
DA:7,1
DA:8,1
DA:9,1
DA:10,1
DA:11,1
DA:12,1
DA:13,1
DA:14,1
DA:15,1
DA:16,1
DA:17,1
DA:18,1
DA:19,1
DA:20,3
DA:21,3
DA:22,3
DA:23,1
DA:24,1
DA:25,1
DA:26,1
DA:27,1
DA:28,1
DA:29,5
DA:30,5
DA:31,5
DA:32,0
DA:33,0
DA:34,0
DA:35,0
DA:36,0
DA:37,0
DA:38,5
DA:39,5
DA:40,5
DA:41,5
DA:42,5
DA:43,5
DA:44,5
DA:45,5
DA:46,5
DA:47,5
DA:48,5
DA:49,1
LF:49
LH:43
BRDA:20,0,0,0
BRDA:19,1,0,3
BRDA:24,2,0,1
BRDA:28,3,0,5
BRDA:31,4,0,0
BRF:5
BRH:3
end_of_record
TN:
SF:src\observability\http-logging.interceptor.ts
FN:11,HttpLoggingInterceptor
FN:14,intercept
FN:21,next
FNF:3
FNH:3
FNDA:1,HttpLoggingInterceptor
FNDA:51,intercept
FNDA:19,next
DA:1,1
DA:2,1
DA:3,1
DA:4,1
DA:5,1
DA:6,1
DA:7,1
DA:8,1
DA:9,1
DA:10,1
DA:11,1
DA:12,1
DA:13,1
DA:14,1
DA:15,51
DA:16,51
DA:17,51
DA:18,51
DA:19,51
DA:20,51
DA:21,51
DA:22,19
DA:23,19
DA:24,19
DA:25,19
DA:26,19
DA:27,51
DA:28,51
DA:29,51
DA:30,1
LF:30
LH:30
BRDA:11,0,0,1
BRDA:14,1,0,51
BRDA:21,2,0,19
BRF:3
BRH:3
end_of_record
TN:
SF:src\security\auth-claims.ts
FN:1,(empty-report)
FNF:1
FNH:0
FNDA:0,(empty-report)
DA:1,0
DA:2,0
DA:3,0
DA:4,0
DA:5,0
DA:6,0
DA:7,0
DA:8,0
DA:9,0
DA:10,0
DA:11,0
DA:12,0
LF:12
LH:0
BRDA:1,0,0,0
BRF:1
BRH:0
end_of_record
TN:
SF:src\security\bearer-auth.guard.ts
FN:14,BearerAuthGuard
FN:19,canActivate
FN:46,setNoStoreHeaders
FNF:3
FNH:3
FNDA:1,BearerAuthGuard
FNDA:52,canActivate
FNDA:39,setNoStoreHeaders
DA:1,1
DA:2,1
DA:3,1
DA:4,1
DA:5,1
DA:6,1
DA:7,1
DA:8,1
DA:9,1
DA:10,1
DA:11,1
DA:12,1
DA:13,1
DA:14,1
DA:15,1
DA:16,1
DA:17,1
DA:18,1
DA:19,1
DA:20,52
DA:21,52
DA:22,52
DA:23,52
DA:24,52
DA:25,13
DA:26,13
DA:27,39
DA:28,39
DA:29,39
DA:30,39
DA:31,39
DA:32,39
DA:33,52
DA:34,1
DA:35,1
DA:36,38
DA:37,38
DA:38,38
DA:39,38
DA:40,38
DA:41,52
DA:42,0
DA:43,0
DA:44,52
DA:45,1
DA:46,1
DA:47,39
DA:48,39
DA:49,39
DA:50,0
DA:51,0
DA:52,39
DA:53,39
DA:54,39
DA:55,39
DA:56,1
LF:56
LH:52
BRDA:15,0,0,0
BRDA:14,1,0,1
BRDA:19,2,0,52
BRDA:24,3,0,13
BRDA:27,4,0,39
BRDA:33,5,0,38
BRDA:33,6,0,1
BRDA:36,7,0,38
BRDA:41,8,0,0
BRDA:46,9,0,39
BRDA:49,10,0,0
BRF:11
BRH:8
end_of_record
TN:
SF:src\security\legacy-soap-exception.filter.ts
FN:13,catch
FN:20,normalizeException
FN:60,extractCode
FN:68,extractMessage
FN:86,statusToCode
FNF:5
FNH:5
FNDA:35,catch
FNDA:35,normalizeException
FNDA:24,extractCode
FNDA:24,extractMessage
FNDA:23,statusToCode
DA:1,1
DA:2,1
DA:3,1
DA:4,1
DA:5,1
DA:6,1
DA:7,1
DA:8,1
DA:9,1
DA:10,1
DA:11,1
DA:12,1
DA:13,1
DA:14,35
DA:15,35
DA:16,35
DA:17,35
DA:18,35
DA:19,1
DA:20,1
DA:21,35
DA:22,35
DA:23,35
DA:24,35
DA:25,35
DA:26,11
DA:27,11
DA:28,11
DA:29,11
DA:30,11
DA:31,11
DA:32,24
DA:33,24
DA:34,24
DA:35,24
DA:36,24
DA:37,24
DA:38,24
DA:39,24
DA:40,24
DA:41,24
DA:42,24
DA:43,24
DA:44,0
DA:45,0
DA:46,0
DA:47,0
DA:48,0
DA:49,0
DA:50,0
DA:51,0
DA:52,0
DA:53,0
DA:54,0
DA:55,0
DA:56,0
DA:57,0
DA:58,0
DA:59,1
DA:60,1
DA:61,24
DA:62,0
DA:63,0
DA:64,24
DA:65,24
DA:66,24
DA:67,1
DA:68,1
DA:69,24
DA:70,0
DA:71,0
DA:72,24
DA:73,0
DA:74,0
DA:75,24
DA:76,24
DA:77,24
DA:78,4
DA:79,4
DA:80,20
DA:81,20
DA:82,20
DA:83,0
DA:84,0
DA:85,1
DA:86,1
DA:87,23
DA:88,23
DA:89,21
DA:90,23
DA:91,2
DA:92,23
DA:93,0
DA:94,23
DA:95,0
DA:96,23
DA:97,0
DA:98,23
DA:99,0
DA:100,23
DA:101,23
DA:102,1
LF:102
LH:75
BRDA:13,0,0,35
BRDA:20,1,0,35
BRDA:25,2,0,34
BRDA:25,3,0,11
BRDA:32,4,0,24
BRDA:36,5,0,23
BRDA:37,6,0,0
BRDA:37,7,0,0
BRDA:44,8,0,0
BRDA:60,9,0,24
BRDA:61,10,0,0
BRDA:65,11,0,1
BRDA:65,12,0,1
BRDA:65,13,0,23
BRDA:68,14,0,24
BRDA:69,15,0,0
BRDA:72,16,0,0
BRDA:77,17,0,4
BRDA:80,18,0,20
BRDA:83,19,0,0
BRDA:81,20,0,21
BRDA:86,21,0,23
BRDA:88,22,0,21
BRDA:90,23,0,2
BRDA:92,24,0,0
BRDA:94,25,0,0
BRDA:96,26,0,0
BRDA:98,27,0,0
BRF:28
BRH:17
end_of_record
TN:
SF:src\security\no-store-response.decorator.ts
FN:5,NoStoreResponse
FNF:1
FNH:1
FNDA:8,NoStoreResponse
DA:1,1
DA:2,1
DA:3,1
DA:4,1
DA:5,1
DA:6,1
LF:6
LH:6
BRDA:5,0,0,8
BRF:1
BRH:1
end_of_record
TN:
SF:src\security\no-store-response.interceptor.ts
FN:13,NoStoreResponseInterceptor
FN:15,intercept
FNF:2
FNH:2
FNDA:1,NoStoreResponseInterceptor
FNDA:51,intercept
DA:1,1
DA:2,1
DA:3,1
DA:4,1
DA:5,1
DA:6,1
DA:7,1
DA:8,1
DA:9,1
DA:10,1
DA:11,1
DA:12,1
DA:13,1
DA:14,1
DA:15,1
DA:16,51
DA:17,51
DA:18,51
DA:19,51
DA:20,51
DA:21,47
DA:22,47
DA:23,47
DA:24,47
DA:25,47
DA:26,47
DA:27,47
DA:28,51
DA:29,51
DA:30,1
LF:30
LH:30
BRDA:13,0,0,0
BRDA:13,1,0,1
BRDA:15,2,0,51
BRDA:20,3,0,47
BRF:4
BRH:3
end_of_record
TN:
SF:src\security\public.decorator.ts
FN:4,Public
FNF:1
FNH:1
FNDA:4,Public
DA:1,1
DA:2,1
DA:3,1
DA:4,1
LF:4
LH:4
BRDA:4,0,0,4
BRF:1
BRH:1
end_of_record
TN:
SF:src\security\redis-token-store.service.ts
FN:22,RedisTokenStoreService
FN:31,onModuleInit
FN:38,onModuleDestroy
FN:44,ensureReady
FN:58,issueToken
FN:66,consumeToken
FN:77,revokeToken
FN:84,getKey
FNF:8
FNH:8
FNDA:8,RedisTokenStoreService
FNDA:7,onModuleInit
FNDA:1,onModuleDestroy
FNDA:9,ensureReady
FNDA:1,issueToken
FNDA:2,consumeToken
FNDA:2,revokeToken
FNDA:5,getKey
DA:1,1
DA:2,1
DA:3,1
DA:4,1
DA:5,1
DA:6,1
DA:7,1
DA:8,1
DA:9,1
DA:10,1
DA:11,1
DA:12,1
DA:13,1
DA:14,1
DA:15,1
DA:16,1
DA:17,1
DA:18,1
DA:19,1
DA:20,1
DA:21,1
DA:22,1
DA:23,8
DA:24,8
DA:25,8
DA:26,0
DA:27,0
DA:28,8
DA:29,8
DA:30,1
DA:31,1
DA:32,7
DA:33,7
DA:34,7
DA:35,7
DA:36,7
DA:37,1
DA:38,1
DA:39,1
DA:40,1
DA:41,1
DA:42,1
DA:43,1
DA:44,1
DA:45,9
DA:46,1
DA:47,1
DA:48,1
DA:49,8
DA:50,8
DA:51,7
DA:52,9
DA:53,1
DA:54,1
DA:55,1
DA:56,9
DA:57,1
DA:58,1
DA:59,1
DA:60,1
DA:61,1
DA:62,1
DA:63,1
DA:64,1
DA:65,1
DA:66,1
DA:67,2
DA:68,2
DA:69,2
DA:70,2
DA:71,1
DA:72,1
DA:73,1
DA:74,1
DA:75,1
DA:76,1
DA:77,1
DA:78,2
DA:79,2
DA:80,2
DA:81,2
DA:82,2
DA:83,1
DA:84,1
DA:85,5
DA:86,5
DA:87,5
DA:88,1
LF:88
LH:86
BRDA:22,0,0,0
BRDA:22,1,0,8
BRDA:31,2,0,7
BRDA:38,3,0,1
BRDA:44,4,0,9
BRDA:45,5,0,1
BRDA:49,6,0,8
BRDA:51,7,0,7
BRDA:52,8,0,1
BRDA:58,9,0,1
BRDA:66,10,0,2
BRDA:70,11,0,1
BRDA:77,12,0,2
BRDA:84,13,0,5
BRF:14
BRH:13
end_of_record
TN:
SF:src\security\security.module.ts
FNF:0
FNH:0
DA:1,1
DA:2,1
DA:3,1
DA:4,1
DA:5,1
DA:6,1
DA:7,1
DA:8,1
DA:9,1
LF:9
LH:9
BRF:0
BRH:0
end_of_record
TN:
SF:src\shared\idempotency\idempotency-guard.service.ts
FN:11,IdempotencyGuardService
FN:19,onModuleInit
FN:27,onModuleDestroy
FN:33,ensureUnique
FN:47,buildKey
FNF:5
FNH:3
FNDA:1,IdempotencyGuardService
FNDA:1,onModuleInit
FNDA:1,onModuleDestroy
FNDA:0,ensureUnique
FNDA:0,buildKey
DA:1,1
DA:2,1
DA:3,1
DA:4,1
DA:5,1
DA:6,1
DA:7,1
DA:8,1
DA:9,1
DA:10,1
DA:11,1
DA:12,1
DA:13,1
DA:14,1
DA:15,0
DA:16,1
DA:17,1
DA:18,1
DA:19,1
DA:20,1
DA:21,1
DA:22,1
DA:23,1
DA:24,1
DA:25,1
DA:26,1
DA:27,1
DA:28,1
DA:29,1
DA:30,1
DA:31,1
DA:32,1
DA:33,1
DA:34,0
DA:35,0
DA:36,0
DA:37,0
DA:38,0
DA:39,0
DA:40,0
DA:41,0
DA:42,0
DA:43,0
DA:44,0
DA:45,0
DA:46,1
DA:47,1
DA:48,0
DA:49,0
DA:50,1
LF:50
LH:35
BRDA:11,0,0,0
BRDA:11,1,0,1
BRDA:19,2,0,1
BRDA:27,3,0,1
BRF:4
BRH:3
end_of_record
TN:
SF:src\shared\idempotency\idempotency.module.ts
FNF:0
FNH:0
DA:1,1
DA:2,1
DA:3,1
DA:4,1
DA:5,1
DA:6,1
DA:7,1
DA:8,1
DA:9,1
LF:9
LH:9
BRF:0
BRH:0
end_of_record
